#
# A fatal error has been detected by the Java Runtime Environment:
#
#  SIGSEGV (0xb) at pc=0x00007ff408048c99, pid=9495, tid=9498
#
# JRE version: OpenJDK Runtime Environment Corretto-16.0.2.7.1 (16.0.2+7) (build 16.0.2+7)
# Java VM: OpenJDK 64-Bit Server VM Corretto-16.0.2.7.1 (16.0.2+7, mixed mode, sharing, tiered, compressed oops, compressed class ptrs, g1 gc, linux-amd64)
# Problematic frame:
# C  [libglfw.so+0x1dc99]
#
# Core dump will be written. Default location: Core dumps may be processed with "/usr/lib/systemd/systemd-coredump %P %u %g %s %t %c %h" (or dumping to /home/lars/IdeaProjects/javacraft/build/core.9495)
#
# If you would like to submit a bug report, please visit:
#   https://github.com/corretto/corretto-jdk/issues/
# The crash happened outside the Java Virtual Machine in native code.
# See problematic frame for where to report the bug.
#

---------------  S U M M A R Y ------------

Command Line: -Dfile.encoding=UTF-8 -Duser.country=US -Duser.language=en -Duser.variant de.lars.javacraft.core.Main

Host: Intel(R) Core(TM) i7-6700K CPU @ 4.00GHz, 8 cores, 31G, Manjaro Linux
Time: Sun Jun 18 15:03:08 2023 CEST elapsed time: 0.241484 seconds (0d 0h 0m 0s)

---------------  T H R E A D  ---------------

Current thread (0x00007ff4040223c0):  JavaThread "main" [_thread_in_native, id=9498, stack(0x00007ff4138ff000,0x00007ff4139ff000)]

Stack: [0x00007ff4138ff000,0x00007ff4139ff000],  sp=0x00007ff4139fd7f8,  free space=1017k
Native frames: (J=compiled Java code, A=aot compiled Java code, j=interpreted, Vv=VM code, C=native code)
C  [libglfw.so+0x1dc99]
j  org.lwjgl.glfw.GLFW.glfwSetCursor(JJ)V+20
j  de.lars.javacraft.core.Main.main([Ljava/lang/String;)V+113
v  ~StubRoutines::call_stub
V  [libjvm.so+0x8647e5]  JavaCalls::call_helper(JavaValue*, methodHandle const&, JavaCallArguments*, Thread*)+0x375
V  [libjvm.so+0x8fbf4f]  jni_invoke_static(JNIEnv_*, JavaValue*, _jobject*, JNICallType, _jmethodID*, JNI_ArgumentPusher*, Thread*) [clone .isra.120] [clone .constprop.303]+0x15f
V  [libjvm.so+0x8fe06f]  jni_CallStaticVoidMethod+0x12f
C  [libjli.so+0xae0d]  JavaMain+0xd5d
C  [libjli.so+0xddc9]  ThreadJavaMain+0x9

Java frames: (J=compiled Java code, j=interpreted, Vv=VM code)
j  org.lwjgl.system.JNI.invokePPV(JJJ)V+0
j  org.lwjgl.glfw.GLFW.glfwSetCursor(JJ)V+20
j  de.lars.javacraft.core.Main.main([Ljava/lang/String;)V+113
v  ~StubRoutines::call_stub

siginfo: si_signo: 11 (SIGSEGV), si_code: 1 (SEGV_MAPERR), si_addr: 0x000000000003403c

Register to memory mapping:

RAX=0x00007ff4080900c0: <offset 0x00000000000650c0> in /tmp/lwjgl_lars/3.3.2+13/x64/libglfw.so at 0x00007ff40802b000
RBX={method} {0x00007ff3c7cbbca0} 'invokePPV' '(JJJ)V' in 'org/lwjgl/system/JNI'
RCX=0x0000000000034004 is an unknown value
RDX=0x0000000000034004 is an unknown value
RSP=0x00007ff4139fd7f8 is pointing into the stack for thread: 0x00007ff4040223c0
RBP=0x00007ff4139fd890 is pointing into the stack for thread: 0x00007ff4040223c0
RSI=0x000000000200000b is an unknown value
RDI=0x00007ff404389f10 points into unknown readable memory: 0x0000000000000000 | 00 00 00 00 00 00 00 00
R8 =0x00007ff4043483b0 points into unknown readable memory: 0x00007ff4043cb6c0 | c0 b6 3c 04 f4 7f 00 00
R9 =0x0000000000000002 is an unknown value
R10=0x00007ff3ec40dc4c is at code_begin+876 in an Interpreter codelet
method entry point (kind = native)  [0x00007ff3ec40d8e0, 0x00007ff3ec40e1a0]  2240 bytes
R11=0x000000062a555010 is an oop: java.lang.Class 
{0x000000062a555010} - klass: 'java/lang/Class'
R12=0x0 is NULL
R13={method} {0x00007ff3c7cbbca0} 'invokePPV' '(JJJ)V' in 'org/lwjgl/system/JNI'
R14=0x00007ff4139fd8d8 is pointing into the stack for thread: 0x00007ff4040223c0
R15=0x00007ff4040223c0 is a thread


Registers:
RAX=0x00007ff4080900c0, RBX=0x00007ff3c7cbbca0, RCX=0x0000000000034004, RDX=0x0000000000034004
RSP=0x00007ff4139fd7f8, RBP=0x00007ff4139fd890, RSI=0x000000000200000b, RDI=0x00007ff404389f10
R8 =0x00007ff4043483b0, R9 =0x0000000000000002, R10=0x00007ff3ec40dc4c, R11=0x000000062a555010
R12=0x0000000000000000, R13=0x00007ff3c7cbbca0, R14=0x00007ff4139fd8d8, R15=0x00007ff4040223c0
RIP=0x00007ff408048c99, EFLAGS=0x0000000000010202, CSGSFS=0x002b000000000033, ERR=0x0000000000000004
  TRAPNO=0x000000000000000e

Top of Stack: (sp=0x00007ff4139fd7f8)
0x00007ff4139fd7f8:   00007ff40804cf61 00007ff4139fd830
0x00007ff4139fd808:   00007ff3ec40dc7b 00007ff4040223c0
0x00007ff4139fd818:   00007ff3c7cbbca0 0000000000000000
0x00007ff4139fd828:   00007ff3c7cbbca0 00007ff4139fd890 

Instructions: (pc=0x00007ff408048c99)
0x00007ff408048b99:   00 00 48 89 e1 ba 00 02 00 00 4c 89 d6 48 8b bd
0x00007ff408048ba9:   68 19 02 00 ff 95 38 27 02 00 c7 83 b8 04 00 00
0x00007ff408048bb9:   00 00 00 00 8b 83 c4 04 00 00 85 c0 0f 85 5e ff
0x00007ff408048bc9:   ff ff 48 8b 95 08 26 02 00 48 8b b3 a0 04 00 00
0x00007ff408048bd9:   48 8b bd 68 19 02 00 48 8b 85 a0 27 02 00 48 83
0x00007ff408048be9:   c4 78 5b 5d ff e0 90 48 8b 8d e8 25 02 00 48 85
0x00007ff408048bf9:   c9 74 97 41 b9 01 00 00 00 45 31 c0 31 d2 4c 89
0x00007ff408048c09:   d7 e8 e1 fd ff ff eb ac 0f 1f 80 00 00 00 00 48
0x00007ff408048c19:   63 90 38 01 00 00 4c 89 d7 49 89 d1 49 89 d0 48
0x00007ff408048c29:   89 d1 e8 c0 fd ff ff 48 8b b5 d8 25 02 00 4c 8b
0x00007ff408048c39:   93 a0 04 00 00 48 85 f6 0f 84 73 fe ff ff e9 e4
0x00007ff408048c49:   fe ff ff 0f 1f 40 00 48 8d 05 69 74 04 00 8b 97
0x00007ff408048c59:   84 00 00 00 48 8b b7 a0 04 00 00 4c 8b 80 68 19
0x00007ff408048c69:   02 00 81 fa 01 40 03 00 74 1d 81 fa 04 40 03 00
0x00007ff408048c79:   74 15 48 8b 90 90 19 02 00 4c 89 c7 48 8b 80 90
0x00007ff408048c89:   27 02 00 ff e0 66 90 48 8b 57 58 48 85 d2 74 17
0x00007ff408048c99:   48 8b 52 38 48 8b 80 90 27 02 00 4c 89 c7 ff e0
0x00007ff408048ca9:   0f 1f 80 00 00 00 00 48 8b 80 80 29 02 00 4c 89
0x00007ff408048cb9:   c7 ff e0 0f 1f 40 00 41 55 41 54 55 48 89 fd 53
0x00007ff408048cc9:   48 81 ec d8 00 00 00 48 8b 05 d1 73 03 00 48 8d
0x00007ff408048cd9:   1d e2 73 04 00 4c 8d 64 24 10 4c 8d 6c 24 08 48
0x00007ff408048ce9:   89 44 24 08 eb 0d 90 4c 89 ef e8 c8 f6 ff ff 85
0x00007ff408048cf9:   c0 74 20 48 8b b5 a0 04 00 00 48 8b bb 68 19 02
0x00007ff408048d09:   00 4c 89 e1 ba 0f 00 00 00 ff 93 48 27 02 00 85
0x00007ff408048d19:   c0 74 d4 48 81 c4 d8 00 00 00 5b 5d 41 5c 41 5d
0x00007ff408048d29:   c3 66 0f 1f 44 00 00 41 55 66 0f ef c0 ba 01 00
0x00007ff408048d39:   00 00 41 54 49 89 fc 55 bd 02 00 00 00 53 48 83
0x00007ff408048d49:   ec 28 48 8d 1d 6e 73 04 00 0f 29 04 24 48 8b bb
0x00007ff408048d59:   68 19 02 00 8b 8b 8c 07 00 00 66 89 54 24 0c 48
0x00007ff408048d69:   c7 44 24 10 00 00 00 00 8b 47 10 89 04 24 b8 01
0x00007ff408048d79:   00 00 00 66 89 44 24 04 8b 83 70 25 02 00 89 44
0x00007ff408048d89:   24 08 85 c9 74 17 8b 83 88 2d 02 00 c7 44 24 14 


Stack slot to memory mapping:
stack at sp + 0 slots: 0x00007ff40804cf61: <offset 0x0000000000021f61> in /tmp/lwjgl_lars/3.3.2+13/x64/libglfw.so at 0x00007ff40802b000
stack at sp + 1 slots: 0x00007ff4139fd830 is pointing into the stack for thread: 0x00007ff4040223c0
stack at sp + 2 slots: 0x00007ff3ec40dc7b is at code_begin+923 in an Interpreter codelet
method entry point (kind = native)  [0x00007ff3ec40d8e0, 0x00007ff3ec40e1a0]  2240 bytes
stack at sp + 3 slots: 0x00007ff4040223c0 is a thread
stack at sp + 4 slots: {method} {0x00007ff3c7cbbca0} 'invokePPV' '(JJJ)V' in 'org/lwjgl/system/JNI'
stack at sp + 5 slots: 0x0 is NULL
stack at sp + 6 slots: {method} {0x00007ff3c7cbbca0} 'invokePPV' '(JJJ)V' in 'org/lwjgl/system/JNI'
stack at sp + 7 slots: 0x00007ff4139fd890 is pointing into the stack for thread: 0x00007ff4040223c0


---------------  P R O C E S S  ---------------

Threads class SMR info:
_java_thread_list=0x00007ff4041810b0, length=11, elements={
0x00007ff4040223c0, 0x00007ff40415d190, 0x00007ff40415e720, 0x00007ff404163a20,
0x00007ff404164f80, 0x00007ff4041664b0, 0x00007ff404167fa0, 0x00007ff404169610,
0x00007ff404172bb0, 0x00007ff40417a2f0, 0x00007ff40417ffa0
}

Java Threads: ( => current thread )
=>0x00007ff4040223c0 JavaThread "main" [_thread_in_native, id=9498, stack(0x00007ff4138ff000,0x00007ff4139ff000)]
  0x00007ff40415d190 JavaThread "Reference Handler" daemon [_thread_blocked, id=9505, stack(0x00007ff3c75fe000,0x00007ff3c76fe000)]
  0x00007ff40415e720 JavaThread "Finalizer" daemon [_thread_blocked, id=9506, stack(0x00007ff3c74fe000,0x00007ff3c75fe000)]
  0x00007ff404163a20 JavaThread "Signal Dispatcher" daemon [_thread_blocked, id=9507, stack(0x00007ff3c73fe000,0x00007ff3c74fe000)]
  0x00007ff404164f80 JavaThread "Service Thread" daemon [_thread_blocked, id=9508, stack(0x00007ff3c6f00000,0x00007ff3c7000000)]
  0x00007ff4041664b0 JavaThread "Monitor Deflation Thread" daemon [_thread_blocked, id=9509, stack(0x00007ff3c6e00000,0x00007ff3c6f00000)]
  0x00007ff404167fa0 JavaThread "C2 CompilerThread0" daemon [_thread_blocked, id=9510, stack(0x00007ff3c6d00000,0x00007ff3c6e00000)]
  0x00007ff404169610 JavaThread "C1 CompilerThread0" daemon [_thread_blocked, id=9511, stack(0x00007ff3c6c00000,0x00007ff3c6d00000)]
  0x00007ff404172bb0 JavaThread "Sweeper thread" daemon [_thread_blocked, id=9512, stack(0x00007ff3c6b00000,0x00007ff3c6c00000)]
  0x00007ff40417a2f0 JavaThread "Notification Thread" daemon [_thread_blocked, id=9513, stack(0x00007ff3c6a00000,0x00007ff3c6b00000)]
  0x00007ff40417ffa0 JavaThread "Common-Cleaner" daemon [_thread_blocked, id=9515, stack(0x00007ff3c67fe000,0x00007ff3c68fe000)]

Other Threads:
  0x00007ff40415abc0 VMThread "VM Thread" [stack: 0x00007ff3c7700000,0x00007ff3c7800000] [id=9504]
  0x00007ff40417bdd0 WatcherThread [stack: 0x00007ff3c6900000,0x00007ff3c6a00000] [id=9514]
  0x00007ff404057980 GCTaskThread "GC Thread#0" [stack: 0x00007ff410253000,0x00007ff410353000] [id=9499]
  0x00007ff404068b50 ConcurrentGCThread "G1 Main Marker" [stack: 0x00007ff410151000,0x00007ff410251000] [id=9500]
  0x00007ff404069bf0 ConcurrentGCThread "G1 Conc#0" [stack: 0x00007ff41004f000,0x00007ff41014f000] [id=9501]
  0x00007ff404120bc0 ConcurrentGCThread "G1 Refine#0" [stack: 0x00007ff3dc199000,0x00007ff3dc299000] [id=9502]
  0x00007ff404121bf0 ConcurrentGCThread "G1 Service" [stack: 0x00007ff3dc097000,0x00007ff3dc197000] [id=9503]

Threads with active compile tasks:

VM state: not at safepoint (normal execution)

VM Mutex/Monitor currently owned by a thread: None

Heap address: 0x000000060b400000, size: 8012 MB, Compressed Oops mode: Zero based, Oop shift amount: 3

CDS archive(s) mapped at: [0x0000000800000000-0x0000000800bf7000-0x0000000800bf7000), size 12546048, SharedBaseAddress: 0x0000000800000000, ArchiveRelocationMode: 0.
Compressed class space mapped at: 0x0000000800c00000-0x0000000840c00000, reserved size: 1073741824
Narrow klass base: 0x0000000800000000, Narrow klass shift: 3, Narrow klass range: 0x100000000

GC Precious Log:
 CPUs: 8 total, 8 available
 Memory: 32040M
 Large Page Support: Disabled
 NUMA Support: Disabled
 Compressed Oops: Enabled (Zero based)
 Heap Region Size: 4M
 Heap Min Capacity: 8M
 Heap Initial Capacity: 504M
 Heap Max Capacity: 8012M
 Pre-touch: Disabled
 Parallel Workers: 8
 Concurrent Workers: 2
 Concurrent Refinement Workers: 8
 Periodic GC: Disabled

Heap:
 garbage-first heap   total 524288K, used 8184K [0x000000060b400000, 0x0000000800000000)
  region size 4096K, 2 young (8192K), 0 survivors (0K)
 Metaspace       used 2567K, committed 2752K, reserved 1056768K
  class space    used 181K, committed 256K, reserved 1048576K

Heap Regions: E=young(eden), S=young(survivor), O=old, HS=humongous(starts), HC=humongous(continues), CS=collection set, F=free, OA=open archive, CA=closed archive, TAMS=top-at-mark-start (previous, next)
|   0|0x000000060b400000, 0x000000060b400000, 0x000000060b800000|  0%| F|  |TAMS 0x000000060b400000, 0x000000060b400000| Untracked 
|   1|0x000000060b800000, 0x000000060b800000, 0x000000060bc00000|  0%| F|  |TAMS 0x000000060b800000, 0x000000060b800000| Untracked 
|   2|0x000000060bc00000, 0x000000060bc00000, 0x000000060c000000|  0%| F|  |TAMS 0x000000060bc00000, 0x000000060bc00000| Untracked 
|   3|0x000000060c000000, 0x000000060c000000, 0x000000060c400000|  0%| F|  |TAMS 0x000000060c000000, 0x000000060c000000| Untracked 
|   4|0x000000060c400000, 0x000000060c400000, 0x000000060c800000|  0%| F|  |TAMS 0x000000060c400000, 0x000000060c400000| Untracked 
|   5|0x000000060c800000, 0x000000060c800000, 0x000000060cc00000|  0%| F|  |TAMS 0x000000060c800000, 0x000000060c800000| Untracked 
|   6|0x000000060cc00000, 0x000000060cc00000, 0x000000060d000000|  0%| F|  |TAMS 0x000000060cc00000, 0x000000060cc00000| Untracked 
|   7|0x000000060d000000, 0x000000060d000000, 0x000000060d400000|  0%| F|  |TAMS 0x000000060d000000, 0x000000060d000000| Untracked 
|   8|0x000000060d400000, 0x000000060d400000, 0x000000060d800000|  0%| F|  |TAMS 0x000000060d400000, 0x000000060d400000| Untracked 
|   9|0x000000060d800000, 0x000000060d800000, 0x000000060dc00000|  0%| F|  |TAMS 0x000000060d800000, 0x000000060d800000| Untracked 
|  10|0x000000060dc00000, 0x000000060dc00000, 0x000000060e000000|  0%| F|  |TAMS 0x000000060dc00000, 0x000000060dc00000| Untracked 
|  11|0x000000060e000000, 0x000000060e000000, 0x000000060e400000|  0%| F|  |TAMS 0x000000060e000000, 0x000000060e000000| Untracked 
|  12|0x000000060e400000, 0x000000060e400000, 0x000000060e800000|  0%| F|  |TAMS 0x000000060e400000, 0x000000060e400000| Untracked 
|  13|0x000000060e800000, 0x000000060e800000, 0x000000060ec00000|  0%| F|  |TAMS 0x000000060e800000, 0x000000060e800000| Untracked 
|  14|0x000000060ec00000, 0x000000060ec00000, 0x000000060f000000|  0%| F|  |TAMS 0x000000060ec00000, 0x000000060ec00000| Untracked 
|  15|0x000000060f000000, 0x000000060f000000, 0x000000060f400000|  0%| F|  |TAMS 0x000000060f000000, 0x000000060f000000| Untracked 
|  16|0x000000060f400000, 0x000000060f400000, 0x000000060f800000|  0%| F|  |TAMS 0x000000060f400000, 0x000000060f400000| Untracked 
|  17|0x000000060f800000, 0x000000060f800000, 0x000000060fc00000|  0%| F|  |TAMS 0x000000060f800000, 0x000000060f800000| Untracked 
|  18|0x000000060fc00000, 0x000000060fc00000, 0x0000000610000000|  0%| F|  |TAMS 0x000000060fc00000, 0x000000060fc00000| Untracked 
|  19|0x0000000610000000, 0x0000000610000000, 0x0000000610400000|  0%| F|  |TAMS 0x0000000610000000, 0x0000000610000000| Untracked 
|  20|0x0000000610400000, 0x0000000610400000, 0x0000000610800000|  0%| F|  |TAMS 0x0000000610400000, 0x0000000610400000| Untracked 
|  21|0x0000000610800000, 0x0000000610800000, 0x0000000610c00000|  0%| F|  |TAMS 0x0000000610800000, 0x0000000610800000| Untracked 
|  22|0x0000000610c00000, 0x0000000610c00000, 0x0000000611000000|  0%| F|  |TAMS 0x0000000610c00000, 0x0000000610c00000| Untracked 
|  23|0x0000000611000000, 0x0000000611000000, 0x0000000611400000|  0%| F|  |TAMS 0x0000000611000000, 0x0000000611000000| Untracked 
|  24|0x0000000611400000, 0x0000000611400000, 0x0000000611800000|  0%| F|  |TAMS 0x0000000611400000, 0x0000000611400000| Untracked 
|  25|0x0000000611800000, 0x0000000611800000, 0x0000000611c00000|  0%| F|  |TAMS 0x0000000611800000, 0x0000000611800000| Untracked 
|  26|0x0000000611c00000, 0x0000000611c00000, 0x0000000612000000|  0%| F|  |TAMS 0x0000000611c00000, 0x0000000611c00000| Untracked 
|  27|0x0000000612000000, 0x0000000612000000, 0x0000000612400000|  0%| F|  |TAMS 0x0000000612000000, 0x0000000612000000| Untracked 
|  28|0x0000000612400000, 0x0000000612400000, 0x0000000612800000|  0%| F|  |TAMS 0x0000000612400000, 0x0000000612400000| Untracked 
|  29|0x0000000612800000, 0x0000000612800000, 0x0000000612c00000|  0%| F|  |TAMS 0x0000000612800000, 0x0000000612800000| Untracked 
|  30|0x0000000612c00000, 0x0000000612c00000, 0x0000000613000000|  0%| F|  |TAMS 0x0000000612c00000, 0x0000000612c00000| Untracked 
|  31|0x0000000613000000, 0x0000000613000000, 0x0000000613400000|  0%| F|  |TAMS 0x0000000613000000, 0x0000000613000000| Untracked 
|  32|0x0000000613400000, 0x0000000613400000, 0x0000000613800000|  0%| F|  |TAMS 0x0000000613400000, 0x0000000613400000| Untracked 
|  33|0x0000000613800000, 0x0000000613800000, 0x0000000613c00000|  0%| F|  |TAMS 0x0000000613800000, 0x0000000613800000| Untracked 
|  34|0x0000000613c00000, 0x0000000613c00000, 0x0000000614000000|  0%| F|  |TAMS 0x0000000613c00000, 0x0000000613c00000| Untracked 
|  35|0x0000000614000000, 0x0000000614000000, 0x0000000614400000|  0%| F|  |TAMS 0x0000000614000000, 0x0000000614000000| Untracked 
|  36|0x0000000614400000, 0x0000000614400000, 0x0000000614800000|  0%| F|  |TAMS 0x0000000614400000, 0x0000000614400000| Untracked 
|  37|0x0000000614800000, 0x0000000614800000, 0x0000000614c00000|  0%| F|  |TAMS 0x0000000614800000, 0x0000000614800000| Untracked 
|  38|0x0000000614c00000, 0x0000000614c00000, 0x0000000615000000|  0%| F|  |TAMS 0x0000000614c00000, 0x0000000614c00000| Untracked 
|  39|0x0000000615000000, 0x0000000615000000, 0x0000000615400000|  0%| F|  |TAMS 0x0000000615000000, 0x0000000615000000| Untracked 
|  40|0x0000000615400000, 0x0000000615400000, 0x0000000615800000|  0%| F|  |TAMS 0x0000000615400000, 0x0000000615400000| Untracked 
|  41|0x0000000615800000, 0x0000000615800000, 0x0000000615c00000|  0%| F|  |TAMS 0x0000000615800000, 0x0000000615800000| Untracked 
|  42|0x0000000615c00000, 0x0000000615c00000, 0x0000000616000000|  0%| F|  |TAMS 0x0000000615c00000, 0x0000000615c00000| Untracked 
|  43|0x0000000616000000, 0x0000000616000000, 0x0000000616400000|  0%| F|  |TAMS 0x0000000616000000, 0x0000000616000000| Untracked 
|  44|0x0000000616400000, 0x0000000616400000, 0x0000000616800000|  0%| F|  |TAMS 0x0000000616400000, 0x0000000616400000| Untracked 
|  45|0x0000000616800000, 0x0000000616800000, 0x0000000616c00000|  0%| F|  |TAMS 0x0000000616800000, 0x0000000616800000| Untracked 
|  46|0x0000000616c00000, 0x0000000616c00000, 0x0000000617000000|  0%| F|  |TAMS 0x0000000616c00000, 0x0000000616c00000| Untracked 
|  47|0x0000000617000000, 0x0000000617000000, 0x0000000617400000|  0%| F|  |TAMS 0x0000000617000000, 0x0000000617000000| Untracked 
|  48|0x0000000617400000, 0x0000000617400000, 0x0000000617800000|  0%| F|  |TAMS 0x0000000617400000, 0x0000000617400000| Untracked 
|  49|0x0000000617800000, 0x0000000617800000, 0x0000000617c00000|  0%| F|  |TAMS 0x0000000617800000, 0x0000000617800000| Untracked 
|  50|0x0000000617c00000, 0x0000000617c00000, 0x0000000618000000|  0%| F|  |TAMS 0x0000000617c00000, 0x0000000617c00000| Untracked 
|  51|0x0000000618000000, 0x0000000618000000, 0x0000000618400000|  0%| F|  |TAMS 0x0000000618000000, 0x0000000618000000| Untracked 
|  52|0x0000000618400000, 0x0000000618400000, 0x0000000618800000|  0%| F|  |TAMS 0x0000000618400000, 0x0000000618400000| Untracked 
|  53|0x0000000618800000, 0x0000000618800000, 0x0000000618c00000|  0%| F|  |TAMS 0x0000000618800000, 0x0000000618800000| Untracked 
|  54|0x0000000618c00000, 0x0000000618c00000, 0x0000000619000000|  0%| F|  |TAMS 0x0000000618c00000, 0x0000000618c00000| Untracked 
|  55|0x0000000619000000, 0x0000000619000000, 0x0000000619400000|  0%| F|  |TAMS 0x0000000619000000, 0x0000000619000000| Untracked 
|  56|0x0000000619400000, 0x0000000619400000, 0x0000000619800000|  0%| F|  |TAMS 0x0000000619400000, 0x0000000619400000| Untracked 
|  57|0x0000000619800000, 0x0000000619800000, 0x0000000619c00000|  0%| F|  |TAMS 0x0000000619800000, 0x0000000619800000| Untracked 
|  58|0x0000000619c00000, 0x0000000619c00000, 0x000000061a000000|  0%| F|  |TAMS 0x0000000619c00000, 0x0000000619c00000| Untracked 
|  59|0x000000061a000000, 0x000000061a000000, 0x000000061a400000|  0%| F|  |TAMS 0x000000061a000000, 0x000000061a000000| Untracked 
|  60|0x000000061a400000, 0x000000061a400000, 0x000000061a800000|  0%| F|  |TAMS 0x000000061a400000, 0x000000061a400000| Untracked 
|  61|0x000000061a800000, 0x000000061a800000, 0x000000061ac00000|  0%| F|  |TAMS 0x000000061a800000, 0x000000061a800000| Untracked 
|  62|0x000000061ac00000, 0x000000061ac00000, 0x000000061b000000|  0%| F|  |TAMS 0x000000061ac00000, 0x000000061ac00000| Untracked 
|  63|0x000000061b000000, 0x000000061b000000, 0x000000061b400000|  0%| F|  |TAMS 0x000000061b000000, 0x000000061b000000| Untracked 
|  64|0x000000061b400000, 0x000000061b400000, 0x000000061b800000|  0%| F|  |TAMS 0x000000061b400000, 0x000000061b400000| Untracked 
|  65|0x000000061b800000, 0x000000061b800000, 0x000000061bc00000|  0%| F|  |TAMS 0x000000061b800000, 0x000000061b800000| Untracked 
|  66|0x000000061bc00000, 0x000000061bc00000, 0x000000061c000000|  0%| F|  |TAMS 0x000000061bc00000, 0x000000061bc00000| Untracked 
|  67|0x000000061c000000, 0x000000061c000000, 0x000000061c400000|  0%| F|  |TAMS 0x000000061c000000, 0x000000061c000000| Untracked 
|  68|0x000000061c400000, 0x000000061c400000, 0x000000061c800000|  0%| F|  |TAMS 0x000000061c400000, 0x000000061c400000| Untracked 
|  69|0x000000061c800000, 0x000000061c800000, 0x000000061cc00000|  0%| F|  |TAMS 0x000000061c800000, 0x000000061c800000| Untracked 
|  70|0x000000061cc00000, 0x000000061cc00000, 0x000000061d000000|  0%| F|  |TAMS 0x000000061cc00000, 0x000000061cc00000| Untracked 
|  71|0x000000061d000000, 0x000000061d000000, 0x000000061d400000|  0%| F|  |TAMS 0x000000061d000000, 0x000000061d000000| Untracked 
|  72|0x000000061d400000, 0x000000061d400000, 0x000000061d800000|  0%| F|  |TAMS 0x000000061d400000, 0x000000061d400000| Untracked 
|  73|0x000000061d800000, 0x000000061d800000, 0x000000061dc00000|  0%| F|  |TAMS 0x000000061d800000, 0x000000061d800000| Untracked 
|  74|0x000000061dc00000, 0x000000061dc00000, 0x000000061e000000|  0%| F|  |TAMS 0x000000061dc00000, 0x000000061dc00000| Untracked 
|  75|0x000000061e000000, 0x000000061e000000, 0x000000061e400000|  0%| F|  |TAMS 0x000000061e000000, 0x000000061e000000| Untracked 
|  76|0x000000061e400000, 0x000000061e400000, 0x000000061e800000|  0%| F|  |TAMS 0x000000061e400000, 0x000000061e400000| Untracked 
|  77|0x000000061e800000, 0x000000061e800000, 0x000000061ec00000|  0%| F|  |TAMS 0x000000061e800000, 0x000000061e800000| Untracked 
|  78|0x000000061ec00000, 0x000000061ec00000, 0x000000061f000000|  0%| F|  |TAMS 0x000000061ec00000, 0x000000061ec00000| Untracked 
|  79|0x000000061f000000, 0x000000061f000000, 0x000000061f400000|  0%| F|  |TAMS 0x000000061f000000, 0x000000061f000000| Untracked 
|  80|0x000000061f400000, 0x000000061f400000, 0x000000061f800000|  0%| F|  |TAMS 0x000000061f400000, 0x000000061f400000| Untracked 
|  81|0x000000061f800000, 0x000000061f800000, 0x000000061fc00000|  0%| F|  |TAMS 0x000000061f800000, 0x000000061f800000| Untracked 
|  82|0x000000061fc00000, 0x000000061fc00000, 0x0000000620000000|  0%| F|  |TAMS 0x000000061fc00000, 0x000000061fc00000| Untracked 
|  83|0x0000000620000000, 0x0000000620000000, 0x0000000620400000|  0%| F|  |TAMS 0x0000000620000000, 0x0000000620000000| Untracked 
|  84|0x0000000620400000, 0x0000000620400000, 0x0000000620800000|  0%| F|  |TAMS 0x0000000620400000, 0x0000000620400000| Untracked 
|  85|0x0000000620800000, 0x0000000620800000, 0x0000000620c00000|  0%| F|  |TAMS 0x0000000620800000, 0x0000000620800000| Untracked 
|  86|0x0000000620c00000, 0x0000000620c00000, 0x0000000621000000|  0%| F|  |TAMS 0x0000000620c00000, 0x0000000620c00000| Untracked 
|  87|0x0000000621000000, 0x0000000621000000, 0x0000000621400000|  0%| F|  |TAMS 0x0000000621000000, 0x0000000621000000| Untracked 
|  88|0x0000000621400000, 0x0000000621400000, 0x0000000621800000|  0%| F|  |TAMS 0x0000000621400000, 0x0000000621400000| Untracked 
|  89|0x0000000621800000, 0x0000000621800000, 0x0000000621c00000|  0%| F|  |TAMS 0x0000000621800000, 0x0000000621800000| Untracked 
|  90|0x0000000621c00000, 0x0000000621c00000, 0x0000000622000000|  0%| F|  |TAMS 0x0000000621c00000, 0x0000000621c00000| Untracked 
|  91|0x0000000622000000, 0x0000000622000000, 0x0000000622400000|  0%| F|  |TAMS 0x0000000622000000, 0x0000000622000000| Untracked 
|  92|0x0000000622400000, 0x0000000622400000, 0x0000000622800000|  0%| F|  |TAMS 0x0000000622400000, 0x0000000622400000| Untracked 
|  93|0x0000000622800000, 0x0000000622800000, 0x0000000622c00000|  0%| F|  |TAMS 0x0000000622800000, 0x0000000622800000| Untracked 
|  94|0x0000000622c00000, 0x0000000622c00000, 0x0000000623000000|  0%| F|  |TAMS 0x0000000622c00000, 0x0000000622c00000| Untracked 
|  95|0x0000000623000000, 0x0000000623000000, 0x0000000623400000|  0%| F|  |TAMS 0x0000000623000000, 0x0000000623000000| Untracked 
|  96|0x0000000623400000, 0x0000000623400000, 0x0000000623800000|  0%| F|  |TAMS 0x0000000623400000, 0x0000000623400000| Untracked 
|  97|0x0000000623800000, 0x0000000623800000, 0x0000000623c00000|  0%| F|  |TAMS 0x0000000623800000, 0x0000000623800000| Untracked 
|  98|0x0000000623c00000, 0x0000000623c00000, 0x0000000624000000|  0%| F|  |TAMS 0x0000000623c00000, 0x0000000623c00000| Untracked 
|  99|0x0000000624000000, 0x0000000624000000, 0x0000000624400000|  0%| F|  |TAMS 0x0000000624000000, 0x0000000624000000| Untracked 
| 100|0x0000000624400000, 0x0000000624400000, 0x0000000624800000|  0%| F|  |TAMS 0x0000000624400000, 0x0000000624400000| Untracked 
| 101|0x0000000624800000, 0x0000000624800000, 0x0000000624c00000|  0%| F|  |TAMS 0x0000000624800000, 0x0000000624800000| Untracked 
| 102|0x0000000624c00000, 0x0000000624c00000, 0x0000000625000000|  0%| F|  |TAMS 0x0000000624c00000, 0x0000000624c00000| Untracked 
| 103|0x0000000625000000, 0x0000000625000000, 0x0000000625400000|  0%| F|  |TAMS 0x0000000625000000, 0x0000000625000000| Untracked 
| 104|0x0000000625400000, 0x0000000625400000, 0x0000000625800000|  0%| F|  |TAMS 0x0000000625400000, 0x0000000625400000| Untracked 
| 105|0x0000000625800000, 0x0000000625800000, 0x0000000625c00000|  0%| F|  |TAMS 0x0000000625800000, 0x0000000625800000| Untracked 
| 106|0x0000000625c00000, 0x0000000625c00000, 0x0000000626000000|  0%| F|  |TAMS 0x0000000625c00000, 0x0000000625c00000| Untracked 
| 107|0x0000000626000000, 0x0000000626000000, 0x0000000626400000|  0%| F|  |TAMS 0x0000000626000000, 0x0000000626000000| Untracked 
| 108|0x0000000626400000, 0x0000000626400000, 0x0000000626800000|  0%| F|  |TAMS 0x0000000626400000, 0x0000000626400000| Untracked 
| 109|0x0000000626800000, 0x0000000626800000, 0x0000000626c00000|  0%| F|  |TAMS 0x0000000626800000, 0x0000000626800000| Untracked 
| 110|0x0000000626c00000, 0x0000000626c00000, 0x0000000627000000|  0%| F|  |TAMS 0x0000000626c00000, 0x0000000626c00000| Untracked 
| 111|0x0000000627000000, 0x0000000627000000, 0x0000000627400000|  0%| F|  |TAMS 0x0000000627000000, 0x0000000627000000| Untracked 
| 112|0x0000000627400000, 0x0000000627400000, 0x0000000627800000|  0%| F|  |TAMS 0x0000000627400000, 0x0000000627400000| Untracked 
| 113|0x0000000627800000, 0x0000000627800000, 0x0000000627c00000|  0%| F|  |TAMS 0x0000000627800000, 0x0000000627800000| Untracked 
| 114|0x0000000627c00000, 0x0000000627c00000, 0x0000000628000000|  0%| F|  |TAMS 0x0000000627c00000, 0x0000000627c00000| Untracked 
| 115|0x0000000628000000, 0x0000000628000000, 0x0000000628400000|  0%| F|  |TAMS 0x0000000628000000, 0x0000000628000000| Untracked 
| 116|0x0000000628400000, 0x0000000628400000, 0x0000000628800000|  0%| F|  |TAMS 0x0000000628400000, 0x0000000628400000| Untracked 
| 117|0x0000000628800000, 0x0000000628800000, 0x0000000628c00000|  0%| F|  |TAMS 0x0000000628800000, 0x0000000628800000| Untracked 
| 118|0x0000000628c00000, 0x0000000628c00000, 0x0000000629000000|  0%| F|  |TAMS 0x0000000628c00000, 0x0000000628c00000| Untracked 
| 119|0x0000000629000000, 0x0000000629000000, 0x0000000629400000|  0%| F|  |TAMS 0x0000000629000000, 0x0000000629000000| Untracked 
| 120|0x0000000629400000, 0x0000000629400000, 0x0000000629800000|  0%| F|  |TAMS 0x0000000629400000, 0x0000000629400000| Untracked 
| 121|0x0000000629800000, 0x0000000629800000, 0x0000000629c00000|  0%| F|  |TAMS 0x0000000629800000, 0x0000000629800000| Untracked 
| 122|0x0000000629c00000, 0x0000000629c00000, 0x000000062a000000|  0%| F|  |TAMS 0x0000000629c00000, 0x0000000629c00000| Untracked 
| 123|0x000000062a000000, 0x000000062a000000, 0x000000062a400000|  0%| F|  |TAMS 0x000000062a000000, 0x000000062a000000| Untracked 
| 124|0x000000062a400000, 0x000000062a577390, 0x000000062a800000| 36%| E|  |TAMS 0x000000062a400000, 0x000000062a400000| Complete 
| 125|0x000000062a800000, 0x000000062ac00000, 0x000000062ac00000|100%| E|CS|TAMS 0x000000062a800000, 0x000000062a800000| Complete 
|2001|0x00000007ff800000, 0x00000007ffb76000, 0x00000007ffc00000| 86%|OA|  |TAMS 0x00000007ff800000, 0x00000007ff800000| Untracked 
|2002|0x00000007ffc00000, 0x00000007ffc88000, 0x0000000800000000| 13%|CA|  |TAMS 0x00000007ffc00000, 0x00000007ffc00000| Untracked 

Card table byte_map: [0x00007ff40b05a000,0x00007ff40c000000] _byte_map_base: 0x00007ff408000000

Marking Bits (Prev, Next): (CMBitMap*) 0x00007ff404058540, (CMBitMap*) 0x00007ff404058580
 Prev Bits: [0x00007ff3e46d0000, 0x00007ff3ec400000)
 Next Bits: [0x00007ff3dc9a0000, 0x00007ff3e46d0000)

Polling page: 0x00007ff419478000

Metaspace:

Usage:
  Non-class:      2,33 MB used.
      Class:    181,90 KB used.
       Both:      2,51 MB used.

Virtual space:
  Non-class space:        8,00 MB reserved,       2,44 MB ( 30%) committed,  1 nodes.
      Class space:        1,00 GB reserved,     256,00 KB ( <1%) committed,  1 nodes.
              Both:        1,01 GB reserved,       2,69 MB ( <1%) committed. 

Chunk freelists:
   Non-Class:  3,05 MB
       Class:  3,67 MB
        Both:  6,72 MB

MaxMetaspaceSize: 17179869184,00 GB
CompressedClassSpaceSize: 1,00 GB
 - commit_granule_bytes: 65536.
 - commit_granule_words: 8192.
 - virtual_space_node_default_size: 1048576.
 - enlarge_chunks_in_place: 1.
 - new_chunks_are_fully_committed: 0.
 - uncommit_free_chunks: 1.
 - use_allocation_guard: 0.
 - handle_deallocations: 1.


Internal statistics:

num_allocs_failed_limit: 0.
num_arena_births: 56.
num_arena_deaths: 0.
num_vsnodes_births: 2.
num_vsnodes_deaths: 0.
num_space_committed: 43.
num_space_uncommitted: 0.
num_chunks_returned_to_freelist: 0.
num_chunks_taken_from_freelist: 106.
num_chunk_merges: 0.
num_chunk_splits: 70.
num_chunks_enlarged: 52.
num_purges: 0.

CodeHeap 'non-profiled nmethods': size=120028Kb used=146Kb max_used=146Kb free=119881Kb
 bounds [0x00007ff3f3ec9000, 0x00007ff3f4139000, 0x00007ff3fb400000]
CodeHeap 'profiled nmethods': size=120028Kb used=637Kb max_used=637Kb free=119390Kb
 bounds [0x00007ff3ec992000, 0x00007ff3ecc02000, 0x00007ff3f3ec9000]
CodeHeap 'non-nmethods': size=5704Kb used=1560Kb max_used=1579Kb free=4143Kb
 bounds [0x00007ff3ec400000, 0x00007ff3ec670000, 0x00007ff3ec992000]
 total_blobs=1388 nmethods=411 adapters=891
 compilation: enabled
              stopped_count=0, restarted_count=0
 full_count=0

Compilation events (20 events):
Event: 0,106 Thread 0x00007ff404169610 nmethod 404 0x00007ff3eca2e890 code [0x00007ff3eca2ea20, 0x00007ff3eca2eb30]
Event: 0,106 Thread 0x00007ff404169610  403       3       org.lwjgl.system.MemoryUtil::write8 (19 bytes)
Event: 0,106 Thread 0x00007ff404169610 nmethod 403 0x00007ff3eca2ec10 code [0x00007ff3eca2edc0, 0x00007ff3eca2f010]
Event: 0,106 Thread 0x00007ff404169610  405       3       java.nio.Buffer::checkIndex (22 bytes)
Event: 0,106 Thread 0x00007ff404169610 nmethod 405 0x00007ff3eca2f110 code [0x00007ff3eca2f2c0, 0x00007ff3eca2f520]
Event: 0,107 Thread 0x00007ff404169610  408       3       sun.misc.Unsafe::putInt (11 bytes)
Event: 0,107 Thread 0x00007ff404169610 nmethod 408 0x00007ff3eca2f610 code [0x00007ff3eca2f7a0, 0x00007ff3eca2f8b0]
Event: 0,107 Thread 0x00007ff404169610  409       3       org.lwjgl.system.MemoryUtil::encodeASCIIUnsafe (53 bytes)
Event: 0,107 Thread 0x00007ff404169610 nmethod 409 0x00007ff3eca2f990 code [0x00007ff3eca2fb80, 0x00007ff3eca2ff90]
Event: 0,107 Thread 0x00007ff404169610  410       3       java.nio.ByteOrder::nativeOrder (4 bytes)
Event: 0,107 Thread 0x00007ff404169610 nmethod 410 0x00007ff3eca30110 code [0x00007ff3eca302a0, 0x00007ff3eca30390]
Event: 0,111 Thread 0x00007ff404169610  411       3       sun.net.util.IPAddressUtil::checkHostString (53 bytes)
Event: 0,111 Thread 0x00007ff404169610 nmethod 411 0x00007ff3eca30410 code [0x00007ff3eca306c0, 0x00007ff3eca31220]
Event: 0,123 Thread 0x00007ff404167fa0 nmethod 381% 0x00007ff3f3eeab90 code [0x00007ff3f3eead40, 0x00007ff3f3eebc58]
Event: 0,123 Thread 0x00007ff404167fa0  378       4       java.lang.StringBuilder::append (8 bytes)
Event: 0,127 Thread 0x00007ff404167fa0 nmethod 378 0x00007ff3f3eebf10 code [0x00007ff3f3eec0a0, 0x00007ff3f3eec6d8]
Event: 0,127 Thread 0x00007ff404167fa0  379       4       java.lang.AbstractStringBuilder::append (45 bytes)
Event: 0,131 Thread 0x00007ff404167fa0 nmethod 379 0x00007ff3f3eecb10 code [0x00007ff3f3eecca0, 0x00007ff3f3eed2d8]
Event: 0,131 Thread 0x00007ff404167fa0  406       4       java.nio.Buffer::scope (17 bytes)
Event: 0,131 Thread 0x00007ff404167fa0 nmethod 406 0x00007ff3f3eed690 code [0x00007ff3f3eed820, 0x00007ff3f3eed8b8]

GC Heap History (0 events):
No events

Deoptimization events (20 events):
Event: 0,102 Thread 0x00007ff4040223c0 DEOPT PACKING pc=0x00007ff3ec9f50d7 sp=0x00007ff4139fc8c0
Event: 0,102 Thread 0x00007ff4040223c0 DEOPT UNPACKING pc=0x00007ff3ec44dbba sp=0x00007ff4139fbd58 mode 0
Event: 0,102 Thread 0x00007ff4040223c0 DEOPT PACKING pc=0x00007ff3ec9f50d7 sp=0x00007ff4139fc8c0
Event: 0,102 Thread 0x00007ff4040223c0 DEOPT UNPACKING pc=0x00007ff3ec44dbba sp=0x00007ff4139fbd58 mode 0
Event: 0,103 Thread 0x00007ff4040223c0 DEOPT PACKING pc=0x00007ff3ec9f50d7 sp=0x00007ff4139fc8c0
Event: 0,103 Thread 0x00007ff4040223c0 DEOPT UNPACKING pc=0x00007ff3ec44dbba sp=0x00007ff4139fbd58 mode 0
Event: 0,103 Thread 0x00007ff4040223c0 DEOPT PACKING pc=0x00007ff3ec9f50d7 sp=0x00007ff4139fc8c0
Event: 0,103 Thread 0x00007ff4040223c0 DEOPT UNPACKING pc=0x00007ff3ec44dbba sp=0x00007ff4139fbd58 mode 0
Event: 0,103 Thread 0x00007ff4040223c0 DEOPT PACKING pc=0x00007ff3ec9f50d7 sp=0x00007ff4139fc8c0
Event: 0,103 Thread 0x00007ff4040223c0 DEOPT UNPACKING pc=0x00007ff3ec44dbba sp=0x00007ff4139fbd58 mode 0
Event: 0,104 Thread 0x00007ff4040223c0 DEOPT PACKING pc=0x00007ff3ec9f50d7 sp=0x00007ff4139fc8c0
Event: 0,104 Thread 0x00007ff4040223c0 DEOPT UNPACKING pc=0x00007ff3ec44dbba sp=0x00007ff4139fbd58 mode 0
Event: 0,104 Thread 0x00007ff4040223c0 DEOPT PACKING pc=0x00007ff3ec9f50d7 sp=0x00007ff4139fc8c0
Event: 0,104 Thread 0x00007ff4040223c0 DEOPT UNPACKING pc=0x00007ff3ec44dbba sp=0x00007ff4139fbd58 mode 0
Event: 0,104 Thread 0x00007ff4040223c0 DEOPT PACKING pc=0x00007ff3ec9f50d7 sp=0x00007ff4139fc8c0
Event: 0,104 Thread 0x00007ff4040223c0 DEOPT UNPACKING pc=0x00007ff3ec44dbba sp=0x00007ff4139fbd58 mode 0
Event: 0,104 Thread 0x00007ff4040223c0 DEOPT PACKING pc=0x00007ff3ec9f50d7 sp=0x00007ff4139fc8e0
Event: 0,104 Thread 0x00007ff4040223c0 DEOPT UNPACKING pc=0x00007ff3ec44dbba sp=0x00007ff4139fbd78 mode 0
Event: 0,104 Thread 0x00007ff4040223c0 DEOPT PACKING pc=0x00007ff3ec9f50d7 sp=0x00007ff4139fc8e0
Event: 0,104 Thread 0x00007ff4040223c0 DEOPT UNPACKING pc=0x00007ff3ec44dbba sp=0x00007ff4139fbd78 mode 0

Classes unloaded (0 events):
No events

Classes redefined (0 events):
No events

Internal exceptions (15 events):
Event: 0,039 Thread 0x00007ff4040223c0 Exception <a 'java/lang/NoSuchMethodError'{0x000000062a9e6228}: 'java.lang.Object java.lang.invoke.DirectMethodHandle$Holder.invokeStatic(java.lang.Object)'> (0x000000062a9e6228) 
thrown [./src/hotspot/share/interpreter/linkResolver.cpp, line 790]
Event: 0,039 Thread 0x00007ff4040223c0 Exception <a 'java/lang/NoSuchMethodError'{0x000000062a9e9978}: 'java.lang.Object java.lang.invoke.DirectMethodHandle$Holder.invokeStaticInit(java.lang.Object)'> (0x000000062a9e9978) 
thrown [./src/hotspot/share/interpreter/linkResolver.cpp, line 790]
Event: 0,045 Thread 0x00007ff4040223c0 Exception <a 'java/lang/NoSuchMethodError'{0x000000062aa46f40}: 'void java.lang.invoke.DirectMethodHandle$Holder.invokeStatic(java.lang.Object, java.lang.Object)'> (0x000000062aa46f40) 
thrown [./src/hotspot/share/interpreter/linkResolver.cpp, line 790]
Event: 0,046 Thread 0x00007ff4040223c0 Exception <a 'java/lang/NoSuchMethodError'{0x000000062aa4c370}: 'void java.lang.invoke.DirectMethodHandle$Holder.invokeSpecial(java.lang.Object, java.lang.Object, java.lang.Object)'> (0x000000062aa4c370) 
thrown [./src/hotspot/share/interpreter/linkResolver.cpp, line 790]
Event: 0,047 Thread 0x00007ff4040223c0 Exception <a 'java/lang/NoSuchMethodError'{0x000000062aa60690}: 'java.lang.Object java.lang.invoke.DirectMethodHandle$Holder.invokeStatic(java.lang.Object, java.lang.Object, int)'> (0x000000062aa60690) 
thrown [./src/hotspot/share/interpreter/linkResolver.cpp, line 790]
Event: 0,048 Thread 0x00007ff4040223c0 Exception <a 'java/lang/NoSuchMethodError'{0x000000062aa6c800}: 'void java.lang.invoke.DelegatingMethodHandle$Holder.delegate(java.lang.Object, java.lang.Object, int, java.lang.Object)'> (0x000000062aa6c800) 
thrown [./src/hotspot/share/interpreter/linkResolver.cpp, line 790]
Event: 0,049 Thread 0x00007ff4040223c0 Exception <a 'java/lang/NoSuchMethodError'{0x000000062aa70b28}: 'int java.lang.invoke.DirectMethodHandle$Holder.invokeSpecial(java.lang.Object, java.lang.Object, java.lang.Object)'> (0x000000062aa70b28) 
thrown [./src/hotspot/share/interpreter/linkResolver.cpp, line 790]
Event: 0,062 Thread 0x00007ff4040223c0 Exception <a 'sun/nio/fs/UnixException'{0x000000062aae00e0}> (0x000000062aae00e0) 
thrown [./src/hotspot/share/prims/jni.cpp, line 579]
Event: 0,083 Thread 0x00007ff4040223c0 Exception <a 'java/lang/NoSuchMethodError'{0x000000062a4093b8}: 'int java.lang.invoke.DirectMethodHandle$Holder.invokeStaticInit(java.lang.Object, java.lang.Object, int, long)'> (0x000000062a4093b8) 
thrown [./src/hotspot/share/interpreter/linkResolver.cpp, line 790]
Event: 0,083 Thread 0x00007ff4040223c0 Exception <a 'java/lang/NoSuchMethodError'{0x000000062a40ee88}: 'java.lang.Object java.lang.invoke.DirectMethodHandle$Holder.newInvokeSpecial(java.lang.Object, java.lang.Object, int)'> (0x000000062a40ee88) 
thrown [./src/hotspot/share/interpreter/linkResolver.cpp, line 790]
Event: 0,085 Thread 0x00007ff4040223c0 Exception <a 'java/lang/NoSuchMethodError'{0x000000062a41f838}: 'int java.lang.invoke.DirectMethodHandle$Holder.invokeStaticInit(java.lang.Object, java.lang.Object, long, long)'> (0x000000062a41f838) 
thrown [./src/hotspot/share/interpreter/linkResolver.cpp, line 790]
Event: 0,085 Thread 0x00007ff4040223c0 Exception <a 'java/lang/NoSuchMethodError'{0x000000062a425be0}: 'java.lang.Object java.lang.invoke.DirectMethodHandle$Holder.newInvokeSpecial(java.lang.Object, java.lang.Object, long)'> (0x000000062a425be0) 
thrown [./src/hotspot/share/interpreter/linkResolver.cpp, line 790]
Event: 0,085 Thread 0x00007ff4040223c0 Exception <a 'java/lang/NoSuchMethodError'{0x000000062a429d38}: 'java.lang.Object java.lang.invoke.Invokers$Holder.linkToTargetMethod(java.lang.Object, long, java.lang.Object)'> (0x000000062a429d38) 
thrown [./src/hotspot/share/interpreter/linkResolver.cpp, line 790]
Event: 0,086 Thread 0x00007ff4040223c0 Exception <a 'java/lang/NoSuchMethodError'{0x000000062a4317e0}: 'int java.lang.invoke.DirectMethodHandle$Holder.invokeStaticInit(java.lang.Object, java.lang.Object, java.lang.Object, long)'> (0x000000062a4317e0) 
thrown [./src/hotspot/share/interpreter/linkResolver.cpp, line 790]
Event: 0,098 Thread 0x00007ff4040223c0 Exception <a 'sun/nio/fs/UnixException'{0x000000062a4fef40}> (0x000000062a4fef40) 
thrown [./src/hotspot/share/prims/jni.cpp, line 579]

Events (20 events):
Event: 0,081 loading class jdk/internal/reflect/UnsafeQualifiedStaticObjectFieldAccessorImpl
Event: 0,081 loading class jdk/internal/reflect/UnsafeQualifiedStaticFieldAccessorImpl
Event: 0,081 loading class jdk/internal/reflect/UnsafeQualifiedStaticFieldAccessorImpl done
Event: 0,081 loading class jdk/internal/reflect/UnsafeQualifiedStaticObjectFieldAccessorImpl done
Event: 0,083 loading class java/util/function/LongPredicate
Event: 0,083 loading class java/util/function/LongPredicate done
Event: 0,084 loading class jdk/internal/access/foreign/MemorySegmentProxy
Event: 0,084 loading class jdk/internal/access/foreign/MemorySegmentProxy done
Event: 0,087 loading class java/nio/InvalidMarkException
Event: 0,087 loading class java/nio/InvalidMarkException done
Event: 0,087 loading class java/nio/BufferUnderflowException
Event: 0,087 loading class java/nio/BufferUnderflowException done
Event: 0,092 loading class java/util/Formatter$FixedString
Event: 0,092 loading class java/util/Formatter$FixedString done
Event: 0,098 loading class java/lang/NoSuchFieldError
Event: 0,098 loading class java/lang/NoSuchFieldError done
Event: 0,105 loading class jdk/internal/reflect/UnsafeQualifiedStaticIntegerFieldAccessorImpl
Event: 0,105 loading class jdk/internal/reflect/UnsafeQualifiedStaticIntegerFieldAccessorImpl done
Event: 0,106 loading class jdk/internal/misc/ScopedMemoryAccess$Scope
Event: 0,106 loading class jdk/internal/misc/ScopedMemoryAccess$Scope done


Dynamic libraries:
404f3000-405a2000 rw-p 00000000 00:00 0 
41300000-413af000 rw-p 00000000 00:00 0 
41902000-41904000 r-xs 00000000 00:01 10431                              /memfd:/.glXXXXXX (deleted)
60b400000-62ac00000 rw-p 00000000 00:00 0 
62ac00000-7ff800000 ---p 00000000 00:00 0 
7ff800000-7ffb00000 rw-p 00000000 00:00 0 
7ffb00000-7ffb76000 rw-p 00cb8000 103:01 25296945                        /home/lars/.jdks/corretto-16.0.2/lib/server/classes.jsa
7ffb76000-7ffc00000 rw-p 00000000 00:00 0 
7ffc00000-7ffc88000 rw-p 00c30000 103:01 25296945                        /home/lars/.jdks/corretto-16.0.2/lib/server/classes.jsa
7ffc88000-800000000 rw-p 00000000 00:00 0 
800000000-800003000 rwxp 00001000 103:01 25296945                        /home/lars/.jdks/corretto-16.0.2/lib/server/classes.jsa
800003000-80043c000 rw-p 00004000 103:01 25296945                        /home/lars/.jdks/corretto-16.0.2/lib/server/classes.jsa
80043c000-800bf7000 r--p 0043d000 103:01 25296945                        /home/lars/.jdks/corretto-16.0.2/lib/server/classes.jsa
800bf7000-800c00000 ---p 00000000 00:00 0 
800c00000-800c20000 rw-p 00000000 00:00 0 
800c20000-800c40000 ---p 00000000 00:00 0 
800c40000-800c60000 rw-p 00000000 00:00 0 
800c60000-840c00000 ---p 00000000 00:00 0 
55c7a4800000-55c7a4801000 r-xp 00000000 103:01 25297056                  /home/lars/.jdks/corretto-16.0.2/bin/java
55c7a4a01000-55c7a4a02000 r--p 00001000 103:01 25297056                  /home/lars/.jdks/corretto-16.0.2/bin/java
55c7a4a02000-55c7a4a03000 rw-p 00002000 103:01 25297056                  /home/lars/.jdks/corretto-16.0.2/bin/java
55c7a5da3000-55c7a5e2c000 rw-p 00000000 00:00 0                          [heap]
7ff390000000-7ff390021000 rw-p 00000000 00:00 0 
7ff390021000-7ff394000000 ---p 00000000 00:00 0 
7ff395400000-7ff3956e0000 r-xp 00000000 103:01 18232093                  /usr/lib/libnvidia-glcore.so.530.41.03
7ff3956e0000-7ff395701000 rwxp 002e0000 103:01 18232093                  /usr/lib/libnvidia-glcore.so.530.41.03
7ff395701000-7ff397ce6000 r-xp 00301000 103:01 18232093                  /usr/lib/libnvidia-glcore.so.530.41.03
7ff397ce6000-7ff397ce7000 ---p 028e6000 103:01 18232093                  /usr/lib/libnvidia-glcore.so.530.41.03
7ff397ce7000-7ff397eb7000 r--p 028e6000 103:01 18232093                  /usr/lib/libnvidia-glcore.so.530.41.03
7ff397eb7000-7ff397f27000 rw-p 02ab6000 103:01 18232093                  /usr/lib/libnvidia-glcore.so.530.41.03
7ff397f27000-7ff397f68000 rw-p 00000000 00:00 0 
7ff398000000-7ff398021000 rw-p 00000000 00:00 0 
7ff398021000-7ff39c000000 ---p 00000000 00:00 0 
7ff39c000000-7ff39c021000 rw-p 00000000 00:00 0 
7ff39c021000-7ff3a0000000 ---p 00000000 00:00 0 
7ff3a0000000-7ff3a02f9000 rw-p 00000000 00:00 0 
7ff3a02f9000-7ff3a4000000 ---p 00000000 00:00 0 
7ff3a4000000-7ff3a4021000 rw-p 00000000 00:00 0 
7ff3a4021000-7ff3a8000000 ---p 00000000 00:00 0 
7ff3a8000000-7ff3a8021000 rw-p 00000000 00:00 0 
7ff3a8021000-7ff3ac000000 ---p 00000000 00:00 0 
7ff3ac000000-7ff3ac3c6000 rw-p 00000000 00:00 0 
7ff3ac3c6000-7ff3b0000000 ---p 00000000 00:00 0 
7ff3b0000000-7ff3b0021000 rw-p 00000000 00:00 0 
7ff3b0021000-7ff3b4000000 ---p 00000000 00:00 0 
7ff3b4000000-7ff3b4021000 rw-p 00000000 00:00 0 
7ff3b4021000-7ff3b8000000 ---p 00000000 00:00 0 
7ff3b8000000-7ff3b8021000 rw-p 00000000 00:00 0 
7ff3b8021000-7ff3bc000000 ---p 00000000 00:00 0 
7ff3bc000000-7ff3bc021000 rw-p 00000000 00:00 0 
7ff3bc021000-7ff3c0000000 ---p 00000000 00:00 0 
7ff3c0000000-7ff3c0021000 rw-p 00000000 00:00 0 
7ff3c0021000-7ff3c4000000 ---p 00000000 00:00 0 
7ff3c5600000-7ff3c5800000 rw-s 00000000 00:05 1013                       /dev/nvidiactl
7ff3c5800000-7ff3c5875000 r-xp 00000000 103:01 18232096                  /usr/lib/libnvidia-glsi.so.530.41.03
7ff3c5875000-7ff3c5a74000 ---p 00075000 103:01 18232096                  /usr/lib/libnvidia-glsi.so.530.41.03
7ff3c5a74000-7ff3c5a9e000 r--p 00074000 103:01 18232096                  /usr/lib/libnvidia-glsi.so.530.41.03
7ff3c5a9e000-7ff3c5a9f000 rw-p 0009e000 103:01 18232096                  /usr/lib/libnvidia-glsi.so.530.41.03
7ff3c5a9f000-7ff3c5aa7000 rw-p 00000000 00:00 0 
7ff3c5c00000-7ff3c5c1a000 r-xp 00000000 103:01 25296950                  /home/lars/.jdks/corretto-16.0.2/lib/libzip.so
7ff3c5c1a000-7ff3c5e19000 ---p 0001a000 103:01 25296950                  /home/lars/.jdks/corretto-16.0.2/lib/libzip.so
7ff3c5e19000-7ff3c5e1a000 r--p 00019000 103:01 25296950                  /home/lars/.jdks/corretto-16.0.2/lib/libzip.so
7ff3c5e1a000-7ff3c5e1b000 rw-p 00000000 00:00 0 
7ff3c5f00000-7ff3c6000000 rw-s 00000000 00:05 1013                       /dev/nvidiactl
7ff3c6000000-7ff3c6014000 r-xp 00000000 103:01 25296952                  /home/lars/.jdks/corretto-16.0.2/lib/libnet.so
7ff3c6014000-7ff3c6214000 ---p 00014000 103:01 25296952                  /home/lars/.jdks/corretto-16.0.2/lib/libnet.so
7ff3c6214000-7ff3c6215000 r--p 00014000 103:01 25296952                  /home/lars/.jdks/corretto-16.0.2/lib/libnet.so
7ff3c6215000-7ff3c6216000 rw-p 00015000 103:01 25296952                  /home/lars/.jdks/corretto-16.0.2/lib/libnet.so
7ff3c625b000-7ff3c6400000 rw-s 00000000 00:01 3076                       /memfd:/.nvidia_drv.XXXXXX (deleted)
7ff3c6400000-7ff3c6412000 r-xp 00000000 103:01 25296953                  /home/lars/.jdks/corretto-16.0.2/lib/libnio.so
7ff3c6412000-7ff3c6611000 ---p 00012000 103:01 25296953                  /home/lars/.jdks/corretto-16.0.2/lib/libnio.so
7ff3c6611000-7ff3c6612000 r--p 00011000 103:01 25296953                  /home/lars/.jdks/corretto-16.0.2/lib/libnio.so
7ff3c6612000-7ff3c6613000 rw-p 00012000 103:01 25296953                  /home/lars/.jdks/corretto-16.0.2/lib/libnio.so
7ff3c6658000-7ff3c66d8000 rw-s 00000000 00:05 1013                       /dev/nvidiactl
7ff3c66d8000-7ff3c6729000 r--p 00000000 103:01 18232057                  /usr/lib/libGLX_nvidia.so.530.41.03
7ff3c6729000-7ff3c6782000 r-xp 00051000 103:01 18232057                  /usr/lib/libGLX_nvidia.so.530.41.03
7ff3c6782000-7ff3c67b7000 rwxp 000aa000 103:01 18232057                  /usr/lib/libGLX_nvidia.so.530.41.03
7ff3c67b7000-7ff3c67b8000 r-xp 000df000 103:01 18232057                  /usr/lib/libGLX_nvidia.so.530.41.03
7ff3c67b8000-7ff3c67d7000 r--p 000e0000 103:01 18232057                  /usr/lib/libGLX_nvidia.so.530.41.03
7ff3c67d7000-7ff3c67f7000 r--p 000fe000 103:01 18232057                  /usr/lib/libGLX_nvidia.so.530.41.03
7ff3c67f7000-7ff3c67fc000 rw-p 0011e000 103:01 18232057                  /usr/lib/libGLX_nvidia.so.530.41.03
7ff3c67fc000-7ff3c67fe000 rw-p 00000000 00:00 0 
7ff3c67fe000-7ff3c6802000 ---p 00000000 00:00 0 
7ff3c6802000-7ff3c68fe000 rw-p 00000000 00:00 0 
7ff3c68fe000-7ff3c68ff000 ---p 00000000 00:00 0 
7ff3c68ff000-7ff3c6a00000 rw-p 00000000 00:00 0 
7ff3c6a00000-7ff3c6a04000 ---p 00000000 00:00 0 
7ff3c6a04000-7ff3c6b00000 rw-p 00000000 00:00 0 
7ff3c6b00000-7ff3c6b04000 ---p 00000000 00:00 0 
7ff3c6b04000-7ff3c6c00000 rw-p 00000000 00:00 0 
7ff3c6c00000-7ff3c6c04000 ---p 00000000 00:00 0 
7ff3c6c04000-7ff3c6d00000 rw-p 00000000 00:00 0 
7ff3c6d00000-7ff3c6d04000 ---p 00000000 00:00 0 
7ff3c6d04000-7ff3c6e00000 rw-p 00000000 00:00 0 
7ff3c6e00000-7ff3c6e04000 ---p 00000000 00:00 0 
7ff3c6e04000-7ff3c6f00000 rw-p 00000000 00:00 0 
7ff3c6f00000-7ff3c6f04000 ---p 00000000 00:00 0 
7ff3c6f04000-7ff3c7000000 rw-p 00000000 00:00 0 
7ff3c7000000-7ff3c7342000 r--p 00000000 103:01 18252598                  /usr/lib/locale/locale-archive
7ff3c7346000-7ff3c7387000 r--p 00000000 103:01 18225371                  /usr/lib/libGLdispatch.so.0.0.0
7ff3c7387000-7ff3c738a000 r-xp 00041000 103:01 18225371                  /usr/lib/libGLdispatch.so.0.0.0
7ff3c738a000-7ff3c73c5000 r-xp 00044000 103:01 18225371                  /usr/lib/libGLdispatch.so.0.0.0
7ff3c73c5000-7ff3c73c6000 r-xp 0007f000 103:01 18225371                  /usr/lib/libGLdispatch.so.0.0.0
7ff3c73c6000-7ff3c73d9000 r--p 00080000 103:01 18225371                  /usr/lib/libGLdispatch.so.0.0.0
7ff3c73d9000-7ff3c73f5000 r--p 00093000 103:01 18225371                  /usr/lib/libGLdispatch.so.0.0.0
7ff3c73f5000-7ff3c73f6000 rw-p 000af000 103:01 18225371                  /usr/lib/libGLdispatch.so.0.0.0
7ff3c73f6000-7ff3c73fe000 rw-p 00000000 00:00 0 
7ff3c73fe000-7ff3c7402000 ---p 00000000 00:00 0 
7ff3c7402000-7ff3c74fe000 rw-p 00000000 00:00 0 
7ff3c74fe000-7ff3c7502000 ---p 00000000 00:00 0 
7ff3c7502000-7ff3c75fe000 rw-p 00000000 00:00 0 
7ff3c75fe000-7ff3c7602000 ---p 00000000 00:00 0 
7ff3c7602000-7ff3c76fe000 rw-p 00000000 00:00 0 
7ff3c76fe000-7ff3c76ff000 ---p 00000000 00:00 0 
7ff3c76ff000-7ff3c7970000 rw-p 00000000 00:00 0 
7ff3c7970000-7ff3c7c00000 ---p 00000000 00:00 0 
7ff3c7c00000-7ff3c7d00000 rw-p 00000000 00:00 0 
7ff3c7d00000-7ff3c8000000 ---p 00000000 00:00 0 
7ff3c8000000-7ff3c8021000 rw-p 00000000 00:00 0 
7ff3c8021000-7ff3cc000000 ---p 00000000 00:00 0 
7ff3cc000000-7ff3cc021000 rw-p 00000000 00:00 0 
7ff3cc021000-7ff3d0000000 ---p 00000000 00:00 0 
7ff3d0000000-7ff3d0021000 rw-p 00000000 00:00 0 
7ff3d0021000-7ff3d4000000 ---p 00000000 00:00 0 
7ff3d4000000-7ff3d4021000 rw-p 00000000 00:00 0 
7ff3d4021000-7ff3d8000000 ---p 00000000 00:00 0 
7ff3d8000000-7ff3d8021000 rw-p 00000000 00:00 0 
7ff3d8021000-7ff3dc000000 ---p 00000000 00:00 0 
7ff3dc055000-7ff3dc095000 rw-s 00000000 00:05 1013                       /dev/nvidiactl
7ff3dc095000-7ff3dc096000 ---p 00000000 00:00 0 
7ff3dc096000-7ff3dc197000 rw-p 00000000 00:00 0 
7ff3dc197000-7ff3dc198000 ---p 00000000 00:00 0 
7ff3dc198000-7ff3dd180000 rw-p 00000000 00:00 0 
7ff3dd180000-7ff3e46b0000 ---p 00000000 00:00 0 
7ff3e46b0000-7ff3e4eb0000 rw-p 00000000 00:00 0 
7ff3e4eb0000-7ff3ec3e0000 ---p 00000000 00:00 0 
7ff3ec3e0000-7ff3ec400000 rw-p 00000000 00:00 0 
7ff3ec400000-7ff3ec670000 rwxp 00000000 00:00 0 
7ff3ec670000-7ff3ec992000 ---p 00000000 00:00 0 
7ff3ec992000-7ff3ecc02000 rwxp 00000000 00:00 0 
7ff3ecc02000-7ff3f3ec9000 ---p 00000000 00:00 0 
7ff3f3ec9000-7ff3f4139000 rwxp 00000000 00:00 0 
7ff3f4139000-7ff3fb400000 ---p 00000000 00:00 0 
7ff3fb400000-7ff403e5a000 r--s 00000000 103:01 25296932                  /home/lars/.jdks/corretto-16.0.2/lib/modules
7ff403e7f000-7ff403ebf000 rw-s 00000000 00:05 1013                       /dev/nvidiactl
7ff403ebf000-7ff403eff000 rw-s 00000000 00:05 1013                       /dev/nvidiactl
7ff403eff000-7ff405716000 rw-p 00000000 00:00 0 
7ff405716000-7ff408000000 ---p 00000000 00:00 0 
7ff40800b000-7ff40802b000 rw-s 00000000 00:05 1013                       /dev/nvidiactl
7ff40802b000-7ff408039000 r--p 00000000 00:23 147                        /tmp/lwjgl_lars/3.3.2+13/x64/libglfw.so
7ff408039000-7ff408057000 r-xp 0000e000 00:23 147                        /tmp/lwjgl_lars/3.3.2+13/x64/libglfw.so
7ff408057000-7ff40808a000 r--p 0002c000 00:23 147                        /tmp/lwjgl_lars/3.3.2+13/x64/libglfw.so
7ff40808a000-7ff40808b000 ---p 0005f000 00:23 147                        /tmp/lwjgl_lars/3.3.2+13/x64/libglfw.so
7ff40808b000-7ff40808e000 r--p 0005f000 00:23 147                        /tmp/lwjgl_lars/3.3.2+13/x64/libglfw.so
7ff40808e000-7ff408091000 rw-p 00062000 00:23 147                        /tmp/lwjgl_lars/3.3.2+13/x64/libglfw.so
7ff408091000-7ff40a1b0000 rw-p 00000000 00:00 0 
7ff40a1b0000-7ff40b056000 ---p 00000000 00:00 0 
7ff40b056000-7ff40b156000 rw-p 00000000 00:00 0 
7ff40b156000-7ff40bffc000 ---p 00000000 00:00 0 
7ff40bffc000-7ff40c021000 rw-p 00000000 00:00 0 
7ff40c021000-7ff410000000 ---p 00000000 00:00 0 
7ff410003000-7ff410016000 rw-s 00000000 00:05 1013                       /dev/nvidiactl
7ff410016000-7ff410036000 rw-s 00000000 00:05 1013                       /dev/nvidiactl
7ff410036000-7ff41003b000 r--p 00000000 103:01 18223710                  /usr/lib/libdrm.so.2.4.0
7ff41003b000-7ff410047000 r-xp 00005000 103:01 18223710                  /usr/lib/libdrm.so.2.4.0
7ff410047000-7ff41004b000 r--p 00011000 103:01 18223710                  /usr/lib/libdrm.so.2.4.0
7ff41004b000-7ff41004c000 r--p 00015000 103:01 18223710                  /usr/lib/libdrm.so.2.4.0
7ff41004c000-7ff41004d000 rw-p 00016000 103:01 18223710                  /usr/lib/libdrm.so.2.4.0
7ff41004d000-7ff41004e000 ---p 00000000 00:00 0 
7ff41004e000-7ff41014f000 rw-p 00000000 00:00 0 
7ff41014f000-7ff410150000 ---p 00000000 00:00 0 
7ff410150000-7ff410251000 rw-p 00000000 00:00 0 
7ff410251000-7ff410252000 ---p 00000000 00:00 0 
7ff410252000-7ff41044f000 rw-p 00000000 00:00 0 
7ff41044f000-7ff4112f5000 ---p 00000000 00:00 0 
7ff4112f5000-7ff411a00000 rw-p 00000000 00:00 0 
7ff411a00000-7ff411a24000 r-xp 00000000 103:01 25296949                  /home/lars/.jdks/corretto-16.0.2/lib/libjava.so
7ff411a24000-7ff411c24000 ---p 00024000 103:01 25296949                  /home/lars/.jdks/corretto-16.0.2/lib/libjava.so
7ff411c24000-7ff411c25000 r--p 00024000 103:01 25296949                  /home/lars/.jdks/corretto-16.0.2/lib/libjava.so
7ff411c25000-7ff411c26000 rw-p 00025000 103:01 25296949                  /home/lars/.jdks/corretto-16.0.2/lib/libjava.so
7ff411c26000-7ff411c27000 rw-p 00000000 00:00 0 
7ff411c29000-7ff411c2c000 rw-s 00000000 00:05 1013                       /dev/nvidiactl
7ff411c2c000-7ff411c30000 rw-s 00000000 00:05 1013                       /dev/nvidiactl
7ff411c30000-7ff411c3c000 r--p 00000000 103:01 18225749                  /usr/lib/libxcb-glx.so.0.0.0
7ff411c3c000-7ff411c45000 r-xp 0000c000 103:01 18225749                  /usr/lib/libxcb-glx.so.0.0.0
7ff411c45000-7ff411c4a000 r--p 00015000 103:01 18225749                  /usr/lib/libxcb-glx.so.0.0.0
7ff411c4a000-7ff411c4c000 r--p 0001a000 103:01 18225749                  /usr/lib/libxcb-glx.so.0.0.0
7ff411c4c000-7ff411c4d000 rw-p 0001c000 103:01 18225749                  /usr/lib/libxcb-glx.so.0.0.0
7ff411c4d000-7ff411c4e000 r--p 00000000 103:01 18232129                  /usr/lib/libnvidia-tls.so.530.41.03
7ff411c4e000-7ff411c50000 r-xp 00001000 103:01 18232129                  /usr/lib/libnvidia-tls.so.530.41.03
7ff411c50000-7ff411c51000 r--p 00003000 103:01 18232129                  /usr/lib/libnvidia-tls.so.530.41.03
7ff411c51000-7ff411c52000 r--p 00003000 103:01 18232129                  /usr/lib/libnvidia-tls.so.530.41.03
7ff411c52000-7ff411c53000 rw-p 00004000 103:01 18232129                  /usr/lib/libnvidia-tls.so.530.41.03
7ff411c53000-7ff411c56000 r--p 00000000 103:01 18225369                  /usr/lib/libGLX.so.0.0.0
7ff411c56000-7ff411c70000 r-xp 00003000 103:01 18225369                  /usr/lib/libGLX.so.0.0.0
7ff411c70000-7ff411c73000 r--p 0001d000 103:01 18225369                  /usr/lib/libGLX.so.0.0.0
7ff411c73000-7ff411c74000 r--p 00020000 103:01 18225369                  /usr/lib/libGLX.so.0.0.0
7ff411c74000-7ff411c75000 rw-p 00021000 103:01 18225369                  /usr/lib/libGLX.so.0.0.0
7ff411c75000-7ff411c85000 rw-p 00000000 00:00 0 
7ff411c85000-7ff411c86000 r--p 00000000 103:01 18225378                  /usr/lib/libX11-xcb.so.1.0.0
7ff411c86000-7ff411c87000 r-xp 00001000 103:01 18225378                  /usr/lib/libX11-xcb.so.1.0.0
7ff411c87000-7ff411c88000 r--p 00002000 103:01 18225378                  /usr/lib/libX11-xcb.so.1.0.0
7ff411c88000-7ff411c89000 r--p 00002000 103:01 18225378                  /usr/lib/libX11-xcb.so.1.0.0
7ff411c89000-7ff411c8a000 rw-p 00003000 103:01 18225378                  /usr/lib/libX11-xcb.so.1.0.0
7ff411c8a000-7ff411cb3000 r--p 00000000 00:23 146                        /tmp/lwjgl_lars/3.3.2+13/x64/liblwjgl.so
7ff411cb3000-7ff411ce4000 r-xp 00029000 00:23 146                        /tmp/lwjgl_lars/3.3.2+13/x64/liblwjgl.so
7ff411ce4000-7ff411cfd000 r--p 0005a000 00:23 146                        /tmp/lwjgl_lars/3.3.2+13/x64/liblwjgl.so
7ff411cfd000-7ff411cfe000 r--p 00072000 00:23 146                        /tmp/lwjgl_lars/3.3.2+13/x64/liblwjgl.so
7ff411cfe000-7ff411cff000 rw-p 00073000 00:23 146                        /tmp/lwjgl_lars/3.3.2+13/x64/liblwjgl.so
7ff411cff000-7ff411e00000 rw-p 00000000 00:00 0 
7ff411e00000-7ff411e1b000 r-xp 00000000 103:01 25296951                  /home/lars/.jdks/corretto-16.0.2/lib/libjimage.so
7ff411e1b000-7ff41201a000 ---p 0001b000 103:01 25296951                  /home/lars/.jdks/corretto-16.0.2/lib/libjimage.so
7ff41201a000-7ff41201c000 r--p 0001a000 103:01 25296951                  /home/lars/.jdks/corretto-16.0.2/lib/libjimage.so
7ff41201c000-7ff41201d000 rw-p 0001c000 103:01 25296951                  /home/lars/.jdks/corretto-16.0.2/lib/libjimage.so
7ff41201f000-7ff412020000 r--p 00000000 103:01 18257860                  /usr/lib/libXinerama.so.1.0.0
7ff412020000-7ff412021000 r-xp 00001000 103:01 18257860                  /usr/lib/libXinerama.so.1.0.0
7ff412021000-7ff412022000 r--p 00002000 103:01 18257860                  /usr/lib/libXinerama.so.1.0.0
7ff412022000-7ff412023000 r--p 00002000 103:01 18257860                  /usr/lib/libXinerama.so.1.0.0
7ff412023000-7ff412024000 rw-p 00003000 103:01 18257860                  /usr/lib/libXinerama.so.1.0.0
7ff412024000-7ff412026000 r--p 00000000 103:01 18242890                  /usr/lib/libXfixes.so.3.1.0
7ff412026000-7ff412029000 r-xp 00002000 103:01 18242890                  /usr/lib/libXfixes.so.3.1.0
7ff412029000-7ff41202a000 r--p 00005000 103:01 18242890                  /usr/lib/libXfixes.so.3.1.0
7ff41202a000-7ff41202b000 r--p 00006000 103:01 18242890                  /usr/lib/libXfixes.so.3.1.0
7ff41202b000-7ff41202c000 rw-p 00007000 103:01 18242890                  /usr/lib/libXfixes.so.3.1.0
7ff41202c000-7ff41202e000 r--p 00000000 103:01 18257865                  /usr/lib/libXrender.so.1.3.0
7ff41202e000-7ff412035000 r-xp 00002000 103:01 18257865                  /usr/lib/libXrender.so.1.3.0
7ff412035000-7ff412037000 r--p 00009000 103:01 18257865                  /usr/lib/libXrender.so.1.3.0
7ff412037000-7ff412038000 r--p 0000a000 103:01 18257865                  /usr/lib/libXrender.so.1.3.0
7ff412038000-7ff412039000 rw-p 0000b000 103:01 18257865                  /usr/lib/libXrender.so.1.3.0
7ff412039000-7ff41211a000 rw-p 00000000 00:00 0 
7ff41211a000-7ff412200000 ---p 00000000 00:00 0 
7ff412200000-7ff4134bc000 r-xp 00000000 103:01 25296942                  /home/lars/.jdks/corretto-16.0.2/lib/server/libjvm.so
7ff4134bc000-7ff4136bb000 ---p 012bc000 103:01 25296942                  /home/lars/.jdks/corretto-16.0.2/lib/server/libjvm.so
7ff4136bb000-7ff413770000 r--p 012bb000 103:01 25296942                  /home/lars/.jdks/corretto-16.0.2/lib/server/libjvm.so
7ff413770000-7ff4137a4000 rw-p 01370000 103:01 25296942                  /home/lars/.jdks/corretto-16.0.2/lib/server/libjvm.so
7ff4137a4000-7ff4137ff000 rw-p 00000000 00:00 0 
7ff413800000-7ff413803000 r--p 00000000 103:01 18239082                  /usr/lib/libXi.so.6.1.0
7ff413803000-7ff41380f000 r-xp 00003000 103:01 18239082                  /usr/lib/libXi.so.6.1.0
7ff41380f000-7ff413812000 r--p 0000f000 103:01 18239082                  /usr/lib/libXi.so.6.1.0
7ff413812000-7ff413813000 r--p 00011000 103:01 18239082                  /usr/lib/libXi.so.6.1.0
7ff413813000-7ff413814000 rw-p 00012000 103:01 18239082                  /usr/lib/libXi.so.6.1.0
7ff413814000-7ff413819000 rw-p 00000000 00:00 0 
7ff413819000-7ff4138ff000 ---p 00000000 00:00 0 
7ff4138ff000-7ff413903000 ---p 00000000 00:00 0 
7ff413903000-7ff4139ff000 rw-p 00000000 00:00 0 
7ff4139ff000-7ff413a00000 ---p 00000000 00:00 0 
7ff413a00000-7ff414200000 rw-p 00000000 00:00 0 
7ff414200000-7ff41429c000 r--p 00000000 103:01 18225665                  /usr/lib/libstdc++.so.6.0.31
7ff41429c000-7ff4143d3000 r-xp 0009c000 103:01 18225665                  /usr/lib/libstdc++.so.6.0.31
7ff4143d3000-7ff414469000 r--p 001d3000 103:01 18225665                  /usr/lib/libstdc++.so.6.0.31
7ff414469000-7ff414476000 r--p 00269000 103:01 18225665                  /usr/lib/libstdc++.so.6.0.31
7ff414476000-7ff414477000 rw-p 00276000 103:01 18225665                  /usr/lib/libstdc++.so.6.0.31
7ff414477000-7ff41447b000 rw-p 00000000 00:00 0 
7ff41447c000-7ff41447e000 rw-s 00000000 00:01 10431                      /memfd:/.glXXXXXX (deleted)
7ff41447e000-7ff41447f000 rw-s 00000000 00:05 1014                       /dev/nvidia0
7ff41447f000-7ff414481000 rw-s 00000000 00:05 1013                       /dev/nvidiactl
7ff414481000-7ff414485000 rw-s 00000000 00:05 1013                       /dev/nvidiactl
7ff414485000-7ff414486000 rw-s 00000000 00:05 1014                       /dev/nvidia0
7ff414486000-7ff414487000 rw-s 00000000 00:05 1014                       /dev/nvidia0
7ff4144a7000-7ff414529000 rw-p 00000000 00:00 0 
7ff414529000-7ff414537000 r--p 00000000 103:01 18229694                  /usr/lib/libm.so.6
7ff414537000-7ff4145b6000 r-xp 0000e000 103:01 18229694                  /usr/lib/libm.so.6
7ff4145b6000-7ff414614000 r--p 0008d000 103:01 18229694                  /usr/lib/libm.so.6
7ff414614000-7ff414615000 r--p 000ea000 103:01 18229694                  /usr/lib/libm.so.6
7ff414615000-7ff414616000 rw-p 000eb000 103:01 18229694                  /usr/lib/libm.so.6
7ff414616000-7ff414638000 r--p 00000000 103:01 18229684                  /usr/lib/libc.so.6
7ff414638000-7ff414795000 r-xp 00022000 103:01 18229684                  /usr/lib/libc.so.6
7ff414795000-7ff4147ed000 r--p 0017f000 103:01 18229684                  /usr/lib/libc.so.6
7ff4147ed000-7ff4147f1000 r--p 001d6000 103:01 18229684                  /usr/lib/libc.so.6
7ff4147f1000-7ff4147f3000 rw-p 001da000 103:01 18229684                  /usr/lib/libc.so.6
7ff4147f3000-7ff414800000 rw-p 00000000 00:00 0 
7ff414800000-7ff414819000 r-xp 00000000 103:01 25296947                  /home/lars/.jdks/corretto-16.0.2/lib/libjli.so
7ff414819000-7ff414a18000 ---p 00019000 103:01 25296947                  /home/lars/.jdks/corretto-16.0.2/lib/libjli.so
7ff414a18000-7ff414a19000 r--p 00018000 103:01 25296947                  /home/lars/.jdks/corretto-16.0.2/lib/libjli.so
7ff414a19000-7ff414a1a000 rw-p 00019000 103:01 25296947                  /home/lars/.jdks/corretto-16.0.2/lib/libjli.so
7ff414a1a000-7ff414a1b000 rw-s 00000000 00:05 1014                       /dev/nvidia0
7ff414a1b000-7ff414a1d000 r--p 00000000 103:01 18257864                  /usr/lib/libXrandr.so.2.2.0
7ff414a1d000-7ff414a24000 r-xp 00002000 103:01 18257864                  /usr/lib/libXrandr.so.2.2.0
7ff414a24000-7ff414a26000 r--p 00009000 103:01 18257864                  /usr/lib/libXrandr.so.2.2.0
7ff414a26000-7ff414a27000 r--p 0000a000 103:01 18257864                  /usr/lib/libXrandr.so.2.2.0
7ff414a27000-7ff414a28000 rw-p 0000b000 103:01 18257864                  /usr/lib/libXrandr.so.2.2.0
7ff414a28000-7ff414a2c000 r--p 00000000 103:01 18225383                  /usr/lib/libXext.so.6.4.0
7ff414a2c000-7ff414a37000 r-xp 00004000 103:01 18225383                  /usr/lib/libXext.so.6.4.0
7ff414a37000-7ff414a3b000 r--p 0000f000 103:01 18225383                  /usr/lib/libXext.so.6.4.0
7ff414a3b000-7ff414a3c000 r--p 00012000 103:01 18225383                  /usr/lib/libXext.so.6.4.0
7ff414a3c000-7ff414a3d000 rw-p 00013000 103:01 18225383                  /usr/lib/libXext.so.6.4.0
7ff414a3d000-7ff414abd000 rw-p 00000000 00:00 0 
7ff414abd000-7ff414ad9000 r--p 00000000 103:01 18225379                  /usr/lib/libX11.so.6.4.0
7ff414ad9000-7ff414b64000 r-xp 0001c000 103:01 18225379                  /usr/lib/libX11.so.6.4.0
7ff414b64000-7ff414bf9000 r--p 000a7000 103:01 18225379                  /usr/lib/libX11.so.6.4.0
7ff414bf9000-7ff414bfc000 r--p 0013b000 103:01 18225379                  /usr/lib/libX11.so.6.4.0
7ff414bfc000-7ff414c00000 rw-p 0013e000 103:01 18225379                  /usr/lib/libX11.so.6.4.0
7ff414c00000-7ff414c50000 r--p 00000000 103:01 18248027                  /usr/lib/librenderdoc.so
7ff414c50000-7ff415e1d000 r-xp 00050000 103:01 18248027                  /usr/lib/librenderdoc.so
7ff415e1d000-7ff4161e7000 r--p 0121d000 103:01 18248027                  /usr/lib/librenderdoc.so
7ff4161e7000-7ff4161f2000 r--p 015e7000 103:01 18248027                  /usr/lib/librenderdoc.so
7ff4161f2000-7ff416239000 rw-p 015f2000 103:01 18248027                  /usr/lib/librenderdoc.so
7ff416239000-7ff419415000 rw-p 00000000 00:00 0 
7ff419415000-7ff419416000 rw-s 00000000 00:05 1013                       /dev/nvidiactl
7ff419416000-7ff419417000 rw-s 00000000 00:05 1013                       /dev/nvidiactl
7ff419417000-7ff419418000 rw-s 00000000 00:05 1013                       /dev/nvidiactl
7ff419418000-7ff419419000 rw-s 00044000 00:01 3076                       /memfd:/.nvidia_drv.XXXXXX (deleted)
7ff419419000-7ff41944a000 rw-p 00000000 00:00 0 
7ff41944a000-7ff41944b000 r--p 00000000 103:01 18250864                  /usr/lib/librt.so.1
7ff41944b000-7ff41944c000 r-xp 00001000 103:01 18250864                  /usr/lib/librt.so.1
7ff41944c000-7ff41944d000 r--p 00002000 103:01 18250864                  /usr/lib/librt.so.1
7ff41944d000-7ff41944e000 r--p 00002000 103:01 18250864                  /usr/lib/librt.so.1
7ff41944e000-7ff41944f000 rw-p 00003000 103:01 18250864                  /usr/lib/librt.so.1
7ff41944f000-7ff419452000 r--p 00000000 103:01 18257856                  /usr/lib/libXcursor.so.1.0.2
7ff419452000-7ff419457000 r-xp 00003000 103:01 18257856                  /usr/lib/libXcursor.so.1.0.2
7ff419457000-7ff419459000 r--p 00008000 103:01 18257856                  /usr/lib/libXcursor.so.1.0.2
7ff419459000-7ff41945a000 r--p 00009000 103:01 18257856                  /usr/lib/libXcursor.so.1.0.2
7ff41945a000-7ff41945b000 rw-p 0000a000 103:01 18257856                  /usr/lib/libXcursor.so.1.0.2
7ff41945b000-7ff41945c000 r--p 00000000 103:01 18225385                  /usr/lib/libXxf86vm.so.1.0.0
7ff41945c000-7ff41945f000 r-xp 00001000 103:01 18225385                  /usr/lib/libXxf86vm.so.1.0.0
7ff41945f000-7ff419460000 r--p 00004000 103:01 18225385                  /usr/lib/libXxf86vm.so.1.0.0
7ff419460000-7ff419461000 r--p 00004000 103:01 18225385                  /usr/lib/libXxf86vm.so.1.0.0
7ff419461000-7ff419462000 rw-p 00005000 103:01 18225385                  /usr/lib/libXxf86vm.so.1.0.0
7ff419462000-7ff419463000 r-xp 00058000 00:23 146                        /tmp/lwjgl_lars/3.3.2+13/x64/liblwjgl.so
7ff419463000-7ff419469000 rw-p 00000000 00:00 0 
7ff419469000-7ff419470000 ---p 00000000 00:00 0 
7ff419470000-7ff419478000 rw-s 00000000 00:23 220                        /tmp/hsperfdata_lars/9495
7ff419478000-7ff419479000 ---p 00000000 00:00 0 
7ff419479000-7ff41947a000 r--p 00000000 00:00 0 
7ff41947a000-7ff41947e000 rw-p 00000000 00:00 0 
7ff41947e000-7ff419480000 r--p 00000000 103:01 18238628                  /usr/lib/libXdmcp.so.6.0.0
7ff419480000-7ff419482000 r-xp 00002000 103:01 18238628                  /usr/lib/libXdmcp.so.6.0.0
7ff419482000-7ff419484000 r--p 00004000 103:01 18238628                  /usr/lib/libXdmcp.so.6.0.0
7ff419484000-7ff419485000 r--p 00005000 103:01 18238628                  /usr/lib/libXdmcp.so.6.0.0
7ff419485000-7ff419486000 rw-p 00006000 103:01 18238628                  /usr/lib/libXdmcp.so.6.0.0
7ff419486000-7ff419487000 r--p 00000000 103:01 18238625                  /usr/lib/libXau.so.6.0.0
7ff419487000-7ff419488000 r-xp 00001000 103:01 18238625                  /usr/lib/libXau.so.6.0.0
7ff419488000-7ff419489000 r--p 00002000 103:01 18238625                  /usr/lib/libXau.so.6.0.0
7ff419489000-7ff41948a000 r--p 00002000 103:01 18238625                  /usr/lib/libXau.so.6.0.0
7ff41948a000-7ff41948b000 rw-p 00003000 103:01 18238625                  /usr/lib/libXau.so.6.0.0
7ff41948b000-7ff41948d000 rw-p 00000000 00:00 0 
7ff41948d000-7ff419491000 r--p 00000000 103:01 18223800                  /usr/lib/libgcc_s.so.1
7ff419491000-7ff4194ac000 r-xp 00004000 103:01 18223800                  /usr/lib/libgcc_s.so.1
7ff4194ac000-7ff4194b0000 r--p 0001f000 103:01 18223800                  /usr/lib/libgcc_s.so.1
7ff4194b0000-7ff4194b1000 r--p 00022000 103:01 18223800                  /usr/lib/libgcc_s.so.1
7ff4194b1000-7ff4194b2000 rw-p 00023000 103:01 18223800                  /usr/lib/libgcc_s.so.1
7ff4194b2000-7ff4194b3000 r--p 00000000 103:01 18258646                  /usr/lib/libxcb-keysyms.so.1.0.0
7ff4194b3000-7ff4194b4000 r-xp 00001000 103:01 18258646                  /usr/lib/libxcb-keysyms.so.1.0.0
7ff4194b4000-7ff4194b5000 r--p 00002000 103:01 18258646                  /usr/lib/libxcb-keysyms.so.1.0.0
7ff4194b5000-7ff4194b6000 r--p 00002000 103:01 18258646                  /usr/lib/libxcb-keysyms.so.1.0.0
7ff4194b6000-7ff4194b7000 rw-p 00003000 103:01 18258646                  /usr/lib/libxcb-keysyms.so.1.0.0
7ff4194b7000-7ff4194c3000 r--p 00000000 103:01 18225767                  /usr/lib/libxcb.so.1.1.0
7ff4194c3000-7ff4194d7000 r-xp 0000c000 103:01 18225767                  /usr/lib/libxcb.so.1.1.0
7ff4194d7000-7ff4194e0000 r--p 00020000 103:01 18225767                  /usr/lib/libxcb.so.1.1.0
7ff4194e0000-7ff4194e1000 r--p 00028000 103:01 18225767                  /usr/lib/libxcb.so.1.1.0
7ff4194e1000-7ff4194e2000 rw-p 00029000 103:01 18225767                  /usr/lib/libxcb.so.1.1.0
7ff4194e2000-7ff4194e4000 rw-p 00000000 00:00 0 
7ff4194e4000-7ff4194e5000 r--p 00000000 103:01 18229689                  /usr/lib/libdl.so.2
7ff4194e5000-7ff4194e6000 r-xp 00001000 103:01 18229689                  /usr/lib/libdl.so.2
7ff4194e6000-7ff4194e7000 r--p 00002000 103:01 18229689                  /usr/lib/libdl.so.2
7ff4194e7000-7ff4194e8000 r--p 00002000 103:01 18229689                  /usr/lib/libdl.so.2
7ff4194e8000-7ff4194e9000 rw-p 00003000 103:01 18229689                  /usr/lib/libdl.so.2
7ff4194e9000-7ff4194ea000 r--p 00000000 103:01 18247467                  /usr/lib/libpthread.so.0
7ff4194ea000-7ff4194eb000 r-xp 00001000 103:01 18247467                  /usr/lib/libpthread.so.0
7ff4194eb000-7ff4194ec000 r--p 00002000 103:01 18247467                  /usr/lib/libpthread.so.0
7ff4194ec000-7ff4194ed000 r--p 00002000 103:01 18247467                  /usr/lib/libpthread.so.0
7ff4194ed000-7ff4194ee000 rw-p 00003000 103:01 18247467                  /usr/lib/libpthread.so.0
7ff4194ee000-7ff4194ef000 rw-p 00000000 00:00 0 
7ff4194ef000-7ff4194f0000 ---p 00000000 00:00 0 
7ff4194f0000-7ff41951b000 rw-p 00000000 00:00 0 
7ff41951b000-7ff41951c000 r--p 00000000 103:01 18229675                  /usr/lib/ld-linux-x86-64.so.2
7ff41951c000-7ff419542000 r-xp 00001000 103:01 18229675                  /usr/lib/ld-linux-x86-64.so.2
7ff419542000-7ff41954c000 r--p 00027000 103:01 18229675                  /usr/lib/ld-linux-x86-64.so.2
7ff41954c000-7ff41954e000 r--p 00031000 103:01 18229675                  /usr/lib/ld-linux-x86-64.so.2
7ff41954e000-7ff419550000 rw-p 00033000 103:01 18229675                  /usr/lib/ld-linux-x86-64.so.2
7ffe0d411000-7ffe0d432000 rw-p 00000000 00:00 0                          [stack]
7ffe0d470000-7ffe0d474000 r--p 00000000 00:00 0                          [vvar]
7ffe0d474000-7ffe0d476000 r-xp 00000000 00:00 0                          [vdso]
ffffffffff600000-ffffffffff601000 --xp 00000000 00:00 0                  [vsyscall]


VM Arguments:
jvm_args: -Dfile.encoding=UTF-8 -Duser.country=US -Duser.language=en -Duser.variant 
java_command: de.lars.javacraft.core.Main
java_class_path (initial): /home/lars/IdeaProjects/javacraft/build/classes/java/main:/home/lars/IdeaProjects/javacraft/build/resources/main:/home/lars/.gradle/caches/modules-2/files-2.1/org.joml/joml/1.10.5/22566d58af70ad3d72308bab63b8339906deb649/joml-1.10.5.jar:/home/lars/.gradle/caches/modules-2/files-2.1/org.lwjgl/lwjgl-assimp/3.3.2/e5238c13abef6b0fd6e1b4320d3c8cd0c10bfe61/lwjgl-assimp-3.3.2.jar:/home/lars/.gradle/caches/modules-2/files-2.1/org.lwjgl/lwjgl-assimp/3.3.2/9aa13b9b8f779494c6358715cc7fe24c604ee3d1/lwjgl-assimp-3.3.2-natives-linux.jar:/home/lars/.gradle/caches/modules-2/files-2.1/org.lwjgl/lwjgl-glfw/3.3.2/757920418805fb90bfebb3d46b1d9e7669fca2eb/lwjgl-glfw-3.3.2.jar:/home/lars/.gradle/caches/modules-2/files-2.1/org.lwjgl/lwjgl-glfw/3.3.2/766bb0e8e829598b1c8052fd8173c62af741c52/lwjgl-glfw-3.3.2-natives-linux.jar:/home/lars/.gradle/caches/modules-2/files-2.1/org.lwjgl/lwjgl-openal/3.3.2/ae5357ed6d934546d3533993ea84c0cfb75eed95/lwjgl-openal-3.3.2.jar:/home/lars/.gradle/caches/modules-2/files-2.1/org.lwjgl/lwjgl-openal/3.3.2/650981780b8bbfb3ce43657b22ec8e77bfb1f37a/lwjgl-openal-3.3.2-natives-linux.jar:/home/lars/.gradle/caches/modules-2/files-2.1/org.lwjgl/lwjgl-opengl/3.3.2/ee8e95be0b438602038bc1f02dc5e3d011b1b216/lwjgl-opengl-3.3.2.jar:/home/lars/.gradle/caches/modules-2/files-2.1/org.lwjgl/lwjgl-opengl/3.3.2/b8368430ef0d91a5acbc6fbfa47b20c3ec083aec/lwjgl-opengl-3.3.2-natives-linux.jar:/home/lars/.gradle/caches/modules-2/files-2.1/org.lwjgl/lwjgl-stb/3.3.2/a2550795014d622b686e9caac50b14baa87d2c70/lwjgl-stb-3.3.2.jar:/home/lars/.gradle/caches/modules-2/files-2.1/org.lwjgl/lwjgl-stb/3.3.2/5c987f43b342d722b54970159040af76f1c87403/lwjgl-stb-3.3.2-natives-linux.jar:/home/lars/.gradle/caches/modules-2/files-2.1/org.lwjgl/lwjgl/3.3.2/4421d94af68e35dcaa31737a6fc59136a1e61b94/lwjgl-3.3.2.jar:/home/lars/.gradle/caches/modules-2/files-2.1/org.lwjgl/lwjgl/3.3.2/767684973f259d97e7dc66a125eb153986f177e7/lwjgl-3.3.2-natives-linux.jar
Launcher Type: SUN_STANDARD

[Global flags]
     intx CICompilerCount                          = 4                                         {product} {ergonomic}
     uint ConcGCThreads                            = 2                                         {product} {ergonomic}
     uint G1ConcRefinementThreads                  = 8                                         {product} {ergonomic}
   size_t G1HeapRegionSize                         = 4194304                                   {product} {ergonomic}
    uintx GCDrainStackTargetSize                   = 64                                        {product} {ergonomic}
   size_t InitialHeapSize                          = 528482304                                 {product} {ergonomic}
   size_t MarkStackSize                            = 4194304                                   {product} {ergonomic}
   size_t MaxHeapSize                              = 8401190912                                {product} {ergonomic}
   size_t MaxNewSize                               = 5037359104                                {product} {ergonomic}
   size_t MinHeapDeltaBytes                        = 4194304                                   {product} {ergonomic}
   size_t MinHeapSize                              = 8388608                                   {product} {ergonomic}
    uintx NonNMethodCodeHeapSize                   = 5839372                                {pd product} {ergonomic}
    uintx NonProfiledCodeHeapSize                  = 122909434                              {pd product} {ergonomic}
    uintx ProfiledCodeHeapSize                     = 122909434                              {pd product} {ergonomic}
    uintx ReservedCodeCacheSize                    = 251658240                              {pd product} {ergonomic}
     bool SegmentedCodeCache                       = true                                      {product} {ergonomic}
   size_t SoftMaxHeapSize                          = 8401190912                             {manageable} {ergonomic}
     bool UseCompressedClassPointers               = true                           {product lp64_product} {ergonomic}
     bool UseCompressedOops                        = true                           {product lp64_product} {ergonomic}
     bool UseG1GC                                  = true                                      {product} {ergonomic}

Logging:
Log output configuration:
 #0: stdout all=warning uptime,level,tags
 #1: stderr all=off uptime,level,tags

Environment Variables:
PATH=/home/lars/.local/bin:/usr/local/bin:/usr/bin:/usr/local/sbin:/home/lars/.dotnet/tools:/usr/lib/jvm/default/bin:/usr/bin/site_perl:/usr/bin/vendor_perl:/usr/bin/core_perl
USERNAME=lars
LD_LIBRARY_PATH=
LD_PRELOAD=
SHELL=/bin/zsh
DISPLAY=:1
LANG=en_US.UTF-8

Signal Handlers:
SIGSEGV: [libjvm.so+0xf67e20], sa_mask[0]=11100100010111111101111111111110, sa_flags=SA_RESTART|SA_SIGINFO
SIGBUS: [libjvm.so+0xf67e20], sa_mask[0]=11100100010111111101111111111110, sa_flags=SA_RESTART|SA_SIGINFO
SIGFPE: [libjvm.so+0xf67e20], sa_mask[0]=11100100010111111101111111111110, sa_flags=SA_RESTART|SA_SIGINFO
SIGPIPE: [libjvm.so+0xe05b30], sa_mask[0]=11100100010111111101111111111110, sa_flags=SA_RESTART|SA_SIGINFO
SIGXFSZ: [libjvm.so+0xe05b30], sa_mask[0]=11100100010111111101111111111110, sa_flags=SA_RESTART|SA_SIGINFO
SIGILL: [libjvm.so+0xf67e20], sa_mask[0]=11100100010111111101111111111110, sa_flags=SA_RESTART|SA_SIGINFO
SIGUSR2: [libjvm.so+0xe05200], sa_mask[0]=00100000000000000000000000000000, sa_flags=SA_RESTART|SA_SIGINFO
SIGHUP: [libjvm.so+0xe05140], sa_mask[0]=11100100010111111101111111111110, sa_flags=SA_RESTART|SA_SIGINFO
SIGINT: [libjvm.so+0xe05140], sa_mask[0]=11100100010111111101111111111110, sa_flags=SA_RESTART|SA_SIGINFO
SIGTERM: [libjvm.so+0xe05140], sa_mask[0]=11100100010111111101111111111110, sa_flags=SA_RESTART|SA_SIGINFO
SIGQUIT: [libjvm.so+0xe05140], sa_mask[0]=11100100010111111101111111111110, sa_flags=SA_RESTART|SA_SIGINFO
SIGTRAP: [libjvm.so+0xf67e20], sa_mask[0]=11100100010111111101111111111110, sa_flags=SA_RESTART|SA_SIGINFO


---------------  S Y S T E M  ---------------

OS:
DISTRIB_ID="ManjaroLinux"
DISTRIB_RELEASE="23.0.0"
DISTRIB_CODENAME="Ultima Thule"
DISTRIB_DESCRIPTION="Manjaro Linux"
uname: Linux 6.1.31-2-MANJARO #1 SMP PREEMPT_DYNAMIC Sun Jun  4 12:31:46 UTC 2023 x86_64
OS uptime: 0 days 0:53 hours
libc: glibc 2.37 NPTL 2.37 
rlimit (soft/hard): STACK 8192k/infinity , CORE infinity/infinity , NPROC 128047/128047 , NOFILE 524288/524288 , AS infinity/infinity , CPU infinity/infinity , DATA infinity/infinity , FSIZE infinity/infinity , MEMLOCK 8192k/8192k
load average: 1,16 1,03 1,02

/proc/meminfo:
MemTotal:       32809248 kB
MemFree:        19701720 kB
MemAvailable:   23916388 kB
Buffers:          189368 kB
Cached:          4552052 kB
SwapCached:            0 kB
Active:          9956132 kB
Inactive:        2339496 kB
Active(anon):    7282836 kB
Inactive(anon):   557384 kB
Active(file):    2673296 kB
Inactive(file):  1782112 kB
Unevictable:         168 kB
Mlocked:             168 kB
SwapTotal:       9227464 kB
SwapFree:        9227464 kB
Zswap:                 0 kB
Zswapped:              0 kB
Dirty:              5856 kB
Writeback:            12 kB
AnonPages:       7485368 kB
Mapped:          2143568 kB
Shmem:            286012 kB
KReclaimable:     227932 kB
Slab:             370768 kB
SReclaimable:     227932 kB
SUnreclaim:       142836 kB
KernelStack:       25768 kB
PageTables:        59404 kB
SecPageTables:         0 kB
NFS_Unstable:          0 kB
Bounce:                0 kB
WritebackTmp:          0 kB
CommitLimit:    25632088 kB
Committed_AS:   19107092 kB
VmallocTotal:   34359738367 kB
VmallocUsed:      127576 kB
VmallocChunk:          0 kB
Percpu:             5952 kB
HardwareCorrupted:     0 kB
AnonHugePages:   2723840 kB
ShmemHugePages:        0 kB
ShmemPmdMapped:        0 kB
FileHugePages:     61440 kB
FilePmdMapped:     49152 kB
CmaTotal:              0 kB
CmaFree:               0 kB
HugePages_Total:       0
HugePages_Free:        0
HugePages_Rsvd:        0
HugePages_Surp:        0
Hugepagesize:       2048 kB
Hugetlb:               0 kB
DirectMap4k:      705452 kB
DirectMap2M:    16009216 kB
DirectMap1G:    16777216 kB

/sys/kernel/mm/transparent_hugepage/enabled: [always] madvise never
/sys/kernel/mm/transparent_hugepage/defrag (defrag/compaction efforts parameter): always defer defer+madvise [madvise] never

Process Memory:
Virtual Size: 11470148K (peak: 11470988K)
Resident Set Size: 126464K (peak: 126464K) (anon: 57380K, file: 68224K, shmem: 860K)
Swapped out: 0K
C-Heap outstanding allocations: 25943K

/proc/sys/kernel/threads-max (system-wide limit on the number of threads): 256094
/proc/sys/vm/max_map_count (maximum number of memory map areas a process may have): 65530
/proc/sys/kernel/pid_max (system-wide limit on number of process identifiers): 4194304

container (cgroup) information:
container_type: cgroupv2
cpu_cpuset_cpus: not supported
cpu_memory_nodes: not supported
active_processor_count: 8
cpu_quota: not supported
cpu_period: not supported
cpu_shares: not supported
memory_limit_in_bytes: unlimited
memory_and_swap_limit_in_bytes: unlimited
memory_soft_limit_in_bytes: unlimited
memory_usage_in_bytes: 5574369280
memory_max_usage_in_bytes: not supported

Steal ticks since vm start: 0
Steal ticks percentage since vm start:  0,000

CPU: total 8 (initial active 8) (4 cores per cpu, 2 threads per core) family 6 model 94 stepping 3 microcode 0xf0, cx8, cmov, fxsr, ht, mmx, 3dnowpref, sse, sse2, sse3, ssse3, sse4.1, sse4.2, popcnt, lzcnt, tsc, tscinvbit, avx, avx2, aes, erms, clmul, bmi1, bmi2, adx, fma, vzeroupper, clflush, clflushopt
CPU Model and flags from /proc/cpuinfo:
model name	: Intel(R) Core(TM) i7-6700K CPU @ 4.00GHz
flags		: fpu vme de pse tsc msr pae mce cx8 apic sep mtrr pge mca cmov pat pse36 clflush dts acpi mmx fxsr sse sse2 ss ht tm pbe syscall nx pdpe1gb rdtscp lm constant_tsc art arch_perfmon pebs bts rep_good nopl xtopology nonstop_tsc cpuid aperfmperf pni pclmulqdq dtes64 monitor ds_cpl vmx est tm2 ssse3 sdbg fma cx16 xtpr pdcm pcid sse4_1 sse4_2 x2apic movbe popcnt tsc_deadline_timer aes xsave avx f16c rdrand lahf_lm abm 3dnowprefetch cpuid_fault epb invpcid_single pti ssbd ibrs ibpb stibp tpr_shadow vnmi flexpriority ept vpid ept_ad fsgsbase tsc_adjust bmi1 avx2 smep bmi2 erms invpcid mpx rdseed adx smap clflushopt intel_pt xsaveopt xsavec xgetbv1 xsaves dtherm ida arat pln pts hwp hwp_notify hwp_act_window hwp_epp md_clear flush_l1d arch_capabilities

Online cpus: 0-7
Offline cpus: 
BIOS frequency limitation: <Not Available>
Frequency switch latency (ns): 0
Available cpu frequencies: <Not Available>
Current governor: powersave
Core performance/turbo boost: <Not Available>

Memory: 4k page, physical 32809248k(19701720k free), swap 9227464k(9227464k free)

vm_info: OpenJDK 64-Bit Server VM (16.0.2+7) for linux-amd64 JRE (16.0.2+7), built on Jul 22 2021 01:08:17 by "jenkins" with gcc 7.3.1 20180303 (Red Hat 7.3.1-5)

END.
